# JRE version: Java(TM) SE Runtime Environment (19.0.1+10) (build 19.0.1+10-21)
# Java VM: Java HotSpot(TM) 64-Bit Server VM (19.0.1+10-21, mixed mode, sharing, tiered, compressed oops, compressed class ptrs, g1 gc, windows-amd64)
GC Precious Log:
 CardTable entry size: 512
 Card Set container configuration: InlinePtr #cards 5 size 8 Array Of Cards #cards 12 size 40 Howl #buckets 4 coarsen threshold 1843 Howl Bitmap #cards 512 size 80 coarsen threshold 460 Card regions per heap region 1 cards per card region 2048
 CPUs: 4 total, 4 available
 Memory: 3818M
 Large Page Support: Disabled
 NUMA Support: Disabled
 Compressed Oops: Enabled (32-bit)
 Heap Region Size: 1M
 Heap Min Capacity: 8M
 Heap Initial Capacity: 60M
 Heap Max Capacity: 956M
 Pre-touch: Disabled
 Parallel Workers: 4
 Concurrent Workers: 1
 Concurrent Refinement Workers: 4
 Periodic GC: Disabled
Heap:
 garbage-first heap   total 61440K, used 26624K [0x00000000c4400000, 0x0000000100000000)
  region size 1024K, 11 young (11264K), 2 survivors (2048K)
 Metaspace       used 9800K, committed 10112K, reserved 1114112K
  class space    used 1118K, committed 1280K, reserved 1048576K
GC Heap History (6 events):
Event: 2.254 GC heap before
{Heap before GC invocations=0 (full 0):
 garbage-first heap   total 61440K, used 16384K [0x00000000c4400000, 0x0000000100000000)
  region size 1024K, 13 young (13312K), 0 survivors (0K)
 Metaspace       used 1934K, committed 2112K, reserved 1114112K
  class space    used 150K, committed 256K, reserved 1048576K
}
Event: 2.263 GC heap after
{Heap after GC invocations=1 (full 0):
 garbage-first heap   total 61440K, used 9665K [0x00000000c4400000, 0x0000000100000000)
  region size 1024K, 2 young (2048K), 2 survivors (2048K)
 Metaspace       used 1934K, committed 2112K, reserved 1114112K
  class space    used 150K, committed 256K, reserved 1048576K
}
Event: 2.688 GC heap before
{Heap before GC invocations=1 (full 0):
 garbage-first heap   total 61440K, used 24001K [0x00000000c4400000, 0x0000000100000000)
  region size 1024K, 13 young (13312K), 2 survivors (2048K)
 Metaspace       used 2980K, committed 3200K, reserved 1114112K
  class space    used 286K, committed 384K, reserved 1048576K
}
Event: 2.698 GC heap after
{Heap after GC invocations=2 (full 0):
 garbage-first heap   total 61440K, used 16721K [0x00000000c4400000, 0x0000000100000000)
  region size 1024K, 2 young (2048K), 2 survivors (2048K)
 Metaspace       used 2980K, committed 3200K, reserved 1114112K
  class space    used 286K, committed 384K, reserved 1048576K
}
Event: 4.033 GC heap before
{Heap before GC invocations=2 (full 0):
 garbage-first heap   total 61440K, used 31057K [0x00000000c4400000, 0x0000000100000000)
  region size 1024K, 16 young (16384K), 2 survivors (2048K)
 Metaspace       used 7652K, committed 7872K, reserved 1114112K
  class space    used 816K, committed 896K, reserved 1048576K
}
Event: 4.041 GC heap after
{Heap after GC invocations=3 (full 0):
 garbage-first heap   total 61440K, used 18432K [0x00000000c4400000, 0x0000000100000000)
  region size 1024K, 2 young (2048K), 2 survivors (2048K)
 Metaspace       used 7652K, committed 7872K, reserved 1114112K
  class space    used 816K, committed 896K, reserved 1048576K
}

