# JRE version: Java(TM) SE Runtime Environment (19.0.1+10) (build 19.0.1+10-21)
# Java VM: Java HotSpot(TM) 64-Bit Server VM (19.0.1+10-21, mixed mode, sharing, tiered, compressed oops, compressed class ptrs, g1 gc, windows-amd64)
GC Precious Log:
 CardTable entry size: 512
 Card Set container configuration: InlinePtr #cards 5 size 8 Array Of Cards #cards 12 size 40 Howl #buckets 4 coarsen threshold 1843 Howl Bitmap #cards 512 size 80 coarsen threshold 460 Card regions per heap region 1 cards per card region 2048
 CPUs: 4 total, 4 available
 Memory: 3818M
 Large Page Support: Disabled
 NUMA Support: Disabled
 Compressed Oops: Enabled (32-bit)
 Heap Region Size: 1M
 Heap Min Capacity: 8M
 Heap Initial Capacity: 60M
 Heap Max Capacity: 956M
 Pre-touch: Disabled
 Parallel Workers: 4
 Concurrent Workers: 1
 Concurrent Refinement Workers: 4
 Periodic GC: Disabled
Heap:
 garbage-first heap   total 89088K, used 51269K [0x00000000c4400000, 0x0000000100000000)
  region size 1024K, 9 young (9216K), 4 survivors (4096K)
 Metaspace       used 87187K, committed 87936K, reserved 1179648K
  class space    used 11514K, committed 11904K, reserved 1048576K
GC Heap History (20 events):
Event: 11.795 GC heap before
{Heap before GC invocations=16 (full 0):
 garbage-first heap   total 73728K, used 55213K [0x00000000c4400000, 0x0000000100000000)
  region size 1024K, 26 young (26624K), 1 survivors (1024K)
 Metaspace       used 51918K, committed 52480K, reserved 1114112K
  class space    used 6672K, committed 6976K, reserved 1048576K
}
Event: 11.802 GC heap after
{Heap after GC invocations=17 (full 0):
 garbage-first heap   total 73728K, used 32657K [0x00000000c4400000, 0x0000000100000000)
  region size 1024K, 3 young (3072K), 3 survivors (3072K)
 Metaspace       used 51918K, committed 52480K, reserved 1114112K
  class space    used 6672K, committed 6976K, reserved 1048576K
}
Event: 12.453 GC heap before
{Heap before GC invocations=17 (full 0):
 garbage-first heap   total 73728K, used 56209K [0x00000000c4400000, 0x0000000100000000)
  region size 1024K, 27 young (27648K), 3 survivors (3072K)
 Metaspace       used 57401K, committed 57984K, reserved 1114112K
  class space    used 7352K, committed 7616K, reserved 1048576K
}
Event: 12.465 GC heap after
{Heap after GC invocations=18 (full 0):
 garbage-first heap   total 73728K, used 34267K [0x00000000c4400000, 0x0000000100000000)
  region size 1024K, 2 young (2048K), 2 survivors (2048K)
 Metaspace       used 57401K, committed 57984K, reserved 1114112K
  class space    used 7352K, committed 7616K, reserved 1048576K
}
Event: 12.673 GC heap before
{Heap before GC invocations=18 (full 0):
 garbage-first heap   total 73728K, used 39387K [0x00000000c4400000, 0x0000000100000000)
  region size 1024K, 9 young (9216K), 2 survivors (2048K)
 Metaspace       used 60096K, committed 60608K, reserved 1114112K
  class space    used 7754K, committed 8000K, reserved 1048576K
}
Event: 12.676 GC heap after
{Heap after GC invocations=19 (full 0):
 garbage-first heap   total 73728K, used 34637K [0x00000000c4400000, 0x0000000100000000)
  region size 1024K, 2 young (2048K), 2 survivors (2048K)
 Metaspace       used 60096K, committed 60608K, reserved 1114112K
  class space    used 7754K, committed 8000K, reserved 1048576K
}
Event: 14.077 GC heap before
{Heap before GC invocations=20 (full 0):
 garbage-first heap   total 73728K, used 58189K [0x00000000c4400000, 0x0000000100000000)
  region size 1024K, 26 young (26624K), 2 survivors (2048K)
 Metaspace       used 66287K, committed 66880K, reserved 1114112K
  class space    used 8743K, committed 9024K, reserved 1048576K
}
Event: 14.084 GC heap after
{Heap after GC invocations=21 (full 0):
 garbage-first heap   total 73728K, used 35671K [0x00000000c4400000, 0x0000000100000000)
  region size 1024K, 3 young (3072K), 3 survivors (3072K)
 Metaspace       used 66287K, committed 66880K, reserved 1114112K
  class space    used 8743K, committed 9024K, reserved 1048576K
}
Event: 14.109 GC heap before
{Heap before GC invocations=21 (full 0):
 garbage-first heap   total 73728K, used 36695K [0x00000000c4400000, 0x0000000100000000)
  region size 1024K, 4 young (4096K), 3 survivors (3072K)
 Metaspace       used 66419K, committed 67008K, reserved 1114112K
  class space    used 8761K, committed 9024K, reserved 1048576K
}
Event: 14.119 GC heap after
{Heap after GC invocations=22 (full 0):
 garbage-first heap   total 73728K, used 35670K [0x00000000c4400000, 0x0000000100000000)
  region size 1024K, 1 young (1024K), 1 survivors (1024K)
 Metaspace       used 66419K, committed 67008K, reserved 1114112K
  class space    used 8761K, committed 9024K, reserved 1048576K
}
Event: 14.787 GC heap before
{Heap before GC invocations=22 (full 0):
 garbage-first heap   total 73728K, used 58198K [0x00000000c4400000, 0x0000000100000000)
  region size 1024K, 24 young (24576K), 1 survivors (1024K)
 Metaspace       used 72187K, committed 72768K, reserved 1114112K
  class space    used 9574K, committed 9856K, reserved 1048576K
}
Event: 14.792 GC heap after
{Heap after GC invocations=23 (full 0):
 garbage-first heap   total 89088K, used 37515K [0x00000000c4400000, 0x0000000100000000)
  region size 1024K, 3 young (3072K), 3 survivors (3072K)
 Metaspace       used 72187K, committed 72768K, reserved 1114112K
  class space    used 9574K, committed 9856K, reserved 1048576K
}
Event: 16.436 GC heap before
{Heap before GC invocations=24 (full 0):
 garbage-first heap   total 89088K, used 70283K [0x00000000c4400000, 0x0000000100000000)
  region size 1024K, 35 young (35840K), 3 survivors (3072K)
 Metaspace       used 77424K, committed 78144K, reserved 1179648K
  class space    used 10281K, committed 10624K, reserved 1048576K
}
Event: 16.444 GC heap after
{Heap after GC invocations=25 (full 0):
 garbage-first heap   total 89088K, used 40345K [0x00000000c4400000, 0x0000000100000000)
  region size 1024K, 5 young (5120K), 5 survivors (5120K)
 Metaspace       used 77424K, committed 78144K, reserved 1179648K
  class space    used 10281K, committed 10624K, reserved 1048576K
}
Event: 16.472 GC heap before
{Heap before GC invocations=25 (full 0):
 garbage-first heap   total 89088K, used 41369K [0x00000000c4400000, 0x0000000100000000)
  region size 1024K, 6 young (6144K), 5 survivors (5120K)
 Metaspace       used 77503K, committed 78208K, reserved 1179648K
  class space    used 10288K, committed 10624K, reserved 1048576K
}
Event: 16.482 GC heap after
{Heap after GC invocations=26 (full 0):
 garbage-first heap   total 89088K, used 40549K [0x00000000c4400000, 0x0000000100000000)
  region size 1024K, 1 young (1024K), 1 survivors (1024K)
 Metaspace       used 77503K, committed 78208K, reserved 1179648K
  class space    used 10288K, committed 10624K, reserved 1048576K
}
Event: 17.392 GC heap before
{Heap before GC invocations=26 (full 0):
 garbage-first heap   total 89088K, used 70245K [0x00000000c4400000, 0x0000000100000000)
  region size 1024K, 31 young (31744K), 1 survivors (1024K)
 Metaspace       used 81591K, committed 82240K, reserved 1179648K
  class space    used 10826K, committed 11136K, reserved 1048576K
}
Event: 17.399 GC heap after
{Heap after GC invocations=27 (full 0):
 garbage-first heap   total 89088K, used 44658K [0x00000000c4400000, 0x0000000100000000)
  region size 1024K, 4 young (4096K), 4 survivors (4096K)
 Metaspace       used 81591K, committed 82240K, reserved 1179648K
  class space    used 10826K, committed 11136K, reserved 1048576K
}
Event: 778.879 GC heap before
{Heap before GC invocations=27 (full 0):
 garbage-first heap   total 89088K, used 71282K [0x00000000c4400000, 0x0000000100000000)
  region size 1024K, 30 young (30720K), 4 survivors (4096K)
 Metaspace       used 86931K, committed 87744K, reserved 1179648K
  class space    used 11510K, committed 11904K, reserved 1048576K
}
Event: 779.566 GC heap after
{Heap after GC invocations=28 (full 0):
 garbage-first heap   total 89088K, used 47173K [0x00000000c4400000, 0x0000000100000000)
  region size 1024K, 4 young (4096K), 4 survivors (4096K)
 Metaspace       used 86931K, committed 87744K, reserved 1179648K
  class space    used 11510K, committed 11904K, reserved 1048576K
}

