# JRE version: Java(TM) SE Runtime Environment (19.0.1+10) (build 19.0.1+10-21)
# Java VM: Java HotSpot(TM) 64-Bit Server VM (19.0.1+10-21, mixed mode, sharing, tiered, compressed oops, compressed class ptrs, g1 gc, windows-amd64)
GC Precious Log:
 CardTable entry size: 512
 Card Set container configuration: InlinePtr #cards 5 size 8 Array Of Cards #cards 12 size 40 Howl #buckets 4 coarsen threshold 1843 Howl Bitmap #cards 512 size 80 coarsen threshold 460 Card regions per heap region 1 cards per card region 2048
 CPUs: 4 total, 4 available
 Memory: 3818M
 Large Page Support: Disabled
 NUMA Support: Disabled
 Compressed Oops: Enabled (32-bit)
 Heap Region Size: 1M
 Heap Min Capacity: 8M
 Heap Initial Capacity: 60M
 Heap Max Capacity: 956M
 Pre-touch: Disabled
 Parallel Workers: 4
 Concurrent Workers: 1
 Concurrent Refinement Workers: 4
 Periodic GC: Disabled
Heap:
 garbage-first heap   total 91136K, used 70126K [0x00000000c4400000, 0x0000000100000000)
  region size 1024K, 35 young (35840K), 2 survivors (2048K)
 Metaspace       used 93953K, committed 94656K, reserved 1179648K
  class space    used 12372K, committed 12672K, reserved 1048576K
GC Heap History (20 events):
Event: 11.085 GC heap before
{Heap before GC invocations=23 (full 0):
 garbage-first heap   total 55296K, used 43619K [0x00000000c4400000, 0x0000000100000000)
  region size 1024K, 16 young (16384K), 2 survivors (2048K)
 Metaspace       used 70438K, committed 71040K, reserved 1114112K
  class space    used 9289K, committed 9536K, reserved 1048576K
}
Event: 11.088 GC heap after
{Heap after GC invocations=24 (full 0):
 garbage-first heap   total 55296K, used 30744K [0x00000000c4400000, 0x0000000100000000)
  region size 1024K, 2 young (2048K), 2 survivors (2048K)
 Metaspace       used 70438K, committed 71040K, reserved 1114112K
  class space    used 9289K, committed 9536K, reserved 1048576K
}
Event: 11.119 GC heap before
{Heap before GC invocations=24 (full 0):
 garbage-first heap   total 55296K, used 31768K [0x00000000c4400000, 0x0000000100000000)
  region size 1024K, 3 young (3072K), 2 survivors (2048K)
 Metaspace       used 70769K, committed 71360K, reserved 1114112K
  class space    used 9318K, committed 9600K, reserved 1048576K
}
Event: 11.123 GC heap after
{Heap after GC invocations=25 (full 0):
 garbage-first heap   total 55296K, used 30692K [0x00000000c4400000, 0x0000000100000000)
  region size 1024K, 1 young (1024K), 1 survivors (1024K)
 Metaspace       used 70769K, committed 71360K, reserved 1114112K
  class space    used 9318K, committed 9600K, reserved 1048576K
}
Event: 11.467 GC heap before
{Heap before GC invocations=25 (full 0):
 garbage-first heap   total 55296K, used 42980K [0x00000000c4400000, 0x0000000100000000)
  region size 1024K, 14 young (14336K), 1 survivors (1024K)
 Metaspace       used 74654K, committed 75264K, reserved 1114112K
  class space    used 9840K, committed 10112K, reserved 1048576K
}
Event: 11.470 GC heap after
{Heap after GC invocations=26 (full 0):
 garbage-first heap   total 55296K, used 31679K [0x00000000c4400000, 0x0000000100000000)
  region size 1024K, 2 young (2048K), 2 survivors (2048K)
 Metaspace       used 74654K, committed 75264K, reserved 1114112K
  class space    used 9840K, committed 10112K, reserved 1048576K
}
Event: 11.738 GC heap before
{Heap before GC invocations=26 (full 0):
 garbage-first heap   total 55296K, used 43967K [0x00000000c4400000, 0x0000000100000000)
  region size 1024K, 14 young (14336K), 2 survivors (2048K)
 Metaspace       used 76268K, committed 76928K, reserved 1179648K
  class space    used 10082K, committed 10368K, reserved 1048576K
}
Event: 11.742 GC heap after
{Heap after GC invocations=27 (full 0):
 garbage-first heap   total 55296K, used 32576K [0x00000000c4400000, 0x0000000100000000)
  region size 1024K, 1 young (1024K), 1 survivors (1024K)
 Metaspace       used 76268K, committed 76928K, reserved 1179648K
  class space    used 10082K, committed 10368K, reserved 1048576K
}
Event: 12.018 GC heap before
{Heap before GC invocations=27 (full 0):
 garbage-first heap   total 55296K, used 44864K [0x00000000c4400000, 0x0000000100000000)
  region size 1024K, 13 young (13312K), 1 survivors (1024K)
 Metaspace       used 77744K, committed 78464K, reserved 1179648K
  class space    used 10281K, committed 10624K, reserved 1048576K
}
Event: 12.020 GC heap after
{Heap after GC invocations=28 (full 0):
 garbage-first heap   total 55296K, used 33838K [0x00000000c4400000, 0x0000000100000000)
  region size 1024K, 2 young (2048K), 2 survivors (2048K)
 Metaspace       used 77744K, committed 78464K, reserved 1179648K
  class space    used 10281K, committed 10624K, reserved 1048576K
}
Event: 12.244 GC heap before
{Heap before GC invocations=28 (full 0):
 garbage-first heap   total 55296K, used 44078K [0x00000000c4400000, 0x0000000100000000)
  region size 1024K, 13 young (13312K), 2 survivors (2048K)
 Metaspace       used 79232K, committed 79872K, reserved 1179648K
  class space    used 10460K, committed 10752K, reserved 1048576K
}
Event: 12.249 GC heap after
{Heap after GC invocations=29 (full 0):
 garbage-first heap   total 55296K, used 35306K [0x00000000c4400000, 0x0000000100000000)
  region size 1024K, 2 young (2048K), 2 survivors (2048K)
 Metaspace       used 79232K, committed 79872K, reserved 1179648K
  class space    used 10460K, committed 10752K, reserved 1048576K
}
Event: 12.479 GC heap before
{Heap before GC invocations=29 (full 0):
 garbage-first heap   total 55296K, used 43498K [0x00000000c4400000, 0x0000000100000000)
  region size 1024K, 11 young (11264K), 2 survivors (2048K)
 Metaspace       used 80554K, committed 81216K, reserved 1179648K
  class space    used 10648K, committed 10944K, reserved 1048576K
}
Event: 12.487 GC heap after
{Heap after GC invocations=30 (full 0):
 garbage-first heap   total 91136K, used 36374K [0x00000000c4400000, 0x0000000100000000)
  region size 1024K, 2 young (2048K), 2 survivors (2048K)
 Metaspace       used 80554K, committed 81216K, reserved 1179648K
  class space    used 10648K, committed 10944K, reserved 1048576K
}
Event: 380.041 GC heap before
{Heap before GC invocations=31 (full 0):
 garbage-first heap   total 91136K, used 71190K [0x00000000c4400000, 0x0000000100000000)
  region size 1024K, 36 young (36864K), 2 survivors (2048K)
 Metaspace       used 81976K, committed 82688K, reserved 1179648K
  class space    used 10852K, committed 11200K, reserved 1048576K
}
Event: 380.386 GC heap after
{Heap after GC invocations=32 (full 0):
 garbage-first heap   total 91136K, used 37585K [0x00000000c4400000, 0x0000000100000000)
  region size 1024K, 3 young (3072K), 3 survivors (3072K)
 Metaspace       used 81976K, committed 82688K, reserved 1179648K
  class space    used 10852K, committed 11200K, reserved 1048576K
}
Event: 394.522 GC heap before
{Heap before GC invocations=32 (full 0):
 garbage-first heap   total 91136K, used 38609K [0x00000000c4400000, 0x0000000100000000)
  region size 1024K, 4 young (4096K), 3 survivors (3072K)
 Metaspace       used 81976K, committed 82688K, reserved 1179648K
  class space    used 10852K, committed 11200K, reserved 1048576K
}
Event: 394.972 GC heap after
{Heap after GC invocations=33 (full 0):
 garbage-first heap   total 91136K, used 37594K [0x00000000c4400000, 0x0000000100000000)
  region size 1024K, 1 young (1024K), 1 survivors (1024K)
 Metaspace       used 81976K, committed 82688K, reserved 1179648K
  class space    used 10852K, committed 11200K, reserved 1048576K
}
Event: 747.092 GC heap before
{Heap before GC invocations=33 (full 0):
 garbage-first heap   total 91136K, used 69338K [0x00000000c4400000, 0x0000000100000000)
  region size 1024K, 33 young (33792K), 1 survivors (1024K)
 Metaspace       used 85733K, committed 86400K, reserved 1179648K
  class space    used 11323K, committed 11648K, reserved 1048576K
}
Event: 747.126 GC heap after
{Heap after GC invocations=34 (full 0):
 garbage-first heap   total 91136K, used 38382K [0x00000000c4400000, 0x0000000100000000)
  region size 1024K, 2 young (2048K), 2 survivors (2048K)
 Metaspace       used 85733K, committed 86400K, reserved 1179648K
  class space    used 11323K, committed 11648K, reserved 1048576K
}

