# JRE version: Java(TM) SE Runtime Environment (19.0.1+10) (build 19.0.1+10-21)
# Java VM: Java HotSpot(TM) 64-Bit Server VM (19.0.1+10-21, mixed mode, sharing, tiered, compressed oops, compressed class ptrs, g1 gc, windows-amd64)
GC Precious Log:
 CardTable entry size: 512
 Card Set container configuration: InlinePtr #cards 5 size 8 Array Of Cards #cards 12 size 40 Howl #buckets 4 coarsen threshold 1843 Howl Bitmap #cards 512 size 80 coarsen threshold 460 Card regions per heap region 1 cards per card region 2048
 CPUs: 4 total, 4 available
 Memory: 3818M
 Large Page Support: Disabled
 NUMA Support: Disabled
 Compressed Oops: Enabled (32-bit)
 Heap Region Size: 1M
 Heap Min Capacity: 8M
 Heap Initial Capacity: 60M
 Heap Max Capacity: 956M
 Pre-touch: Disabled
 Parallel Workers: 4
 Concurrent Workers: 1
 Concurrent Refinement Workers: 4
 Periodic GC: Disabled
Heap:
 garbage-first heap   total 94208K, used 64581K [0x00000000c4400000, 0x0000000100000000)
  region size 1024K, 20 young (20480K), 3 survivors (3072K)
 Metaspace       used 97618K, committed 98496K, reserved 1179648K
  class space    used 12890K, committed 13312K, reserved 1048576K
GC Heap History (20 events):
Event: 8.971 GC heap before
{Heap before GC invocations=14 (full 0):
 garbage-first heap   total 94208K, used 70907K [0x00000000c4400000, 0x0000000100000000)
  region size 1024K, 42 young (43008K), 2 survivors (2048K)
 Metaspace       used 44519K, committed 45056K, reserved 1114112K
  class space    used 5835K, committed 6080K, reserved 1048576K
}
Event: 8.977 GC heap after
{Heap after GC invocations=15 (full 0):
 garbage-first heap   total 94208K, used 31331K [0x00000000c4400000, 0x0000000100000000)
  region size 1024K, 4 young (4096K), 4 survivors (4096K)
 Metaspace       used 44519K, committed 45056K, reserved 1114112K
  class space    used 5835K, committed 6080K, reserved 1048576K
}
Event: 9.038 GC heap before
{Heap before GC invocations=15 (full 0):
 garbage-first heap   total 94208K, used 32355K [0x00000000c4400000, 0x0000000100000000)
  region size 1024K, 5 young (5120K), 4 survivors (4096K)
 Metaspace       used 44767K, committed 45376K, reserved 1114112K
  class space    used 5856K, committed 6144K, reserved 1048576K
}
Event: 9.046 GC heap after
{Heap after GC invocations=16 (full 0):
 garbage-first heap   total 94208K, used 31330K [0x00000000c4400000, 0x0000000100000000)
  region size 1024K, 1 young (1024K), 1 survivors (1024K)
 Metaspace       used 44767K, committed 45376K, reserved 1114112K
  class space    used 5856K, committed 6144K, reserved 1048576K
}
Event: 11.217 GC heap before
{Heap before GC invocations=16 (full 0):
 garbage-first heap   total 94208K, used 70242K [0x00000000c4400000, 0x0000000100000000)
  region size 1024K, 40 young (40960K), 1 survivors (1024K)
 Metaspace       used 58039K, committed 58560K, reserved 1114112K
  class space    used 7434K, committed 7680K, reserved 1048576K
}
Event: 11.221 GC heap after
{Heap after GC invocations=17 (full 0):
 garbage-first heap   total 94208K, used 34045K [0x00000000c4400000, 0x0000000100000000)
  region size 1024K, 4 young (4096K), 4 survivors (4096K)
 Metaspace       used 58039K, committed 58560K, reserved 1114112K
  class space    used 7434K, committed 7680K, reserved 1048576K
}
Event: 11.326 GC heap before
{Heap before GC invocations=17 (full 0):
 garbage-first heap   total 94208K, used 37117K [0x00000000c4400000, 0x0000000100000000)
  region size 1024K, 8 young (8192K), 4 survivors (4096K)
 Metaspace       used 60086K, committed 60608K, reserved 1114112K
  class space    used 7742K, committed 8000K, reserved 1048576K
}
Event: 11.329 GC heap after
{Heap after GC invocations=18 (full 0):
 garbage-first heap   total 94208K, used 34589K [0x00000000c4400000, 0x0000000100000000)
  region size 1024K, 4 young (4096K), 4 survivors (4096K)
 Metaspace       used 60086K, committed 60608K, reserved 1114112K
  class space    used 7742K, committed 8000K, reserved 1048576K
}
Event: 12.390 GC heap before
{Heap before GC invocations=19 (full 0):
 garbage-first heap   total 94208K, used 73501K [0x00000000c4400000, 0x0000000100000000)
  region size 1024K, 42 young (43008K), 4 survivors (4096K)
 Metaspace       used 69011K, committed 69632K, reserved 1114112K
  class space    used 9105K, committed 9408K, reserved 1048576K
}
Event: 12.397 GC heap after
{Heap after GC invocations=20 (full 0):
 garbage-first heap   total 94208K, used 37238K [0x00000000c4400000, 0x0000000100000000)
  region size 1024K, 4 young (4096K), 4 survivors (4096K)
 Metaspace       used 69011K, committed 69632K, reserved 1114112K
  class space    used 9105K, committed 9408K, reserved 1048576K
}
Event: 12.420 GC heap before
{Heap before GC invocations=20 (full 0):
 garbage-first heap   total 94208K, used 38262K [0x00000000c4400000, 0x0000000100000000)
  region size 1024K, 5 young (5120K), 4 survivors (4096K)
 Metaspace       used 69323K, committed 69952K, reserved 1114112K
  class space    used 9137K, committed 9408K, reserved 1048576K
}
Event: 12.424 GC heap after
{Heap after GC invocations=21 (full 0):
 garbage-first heap   total 94208K, used 37002K [0x00000000c4400000, 0x0000000100000000)
  region size 1024K, 1 young (1024K), 1 survivors (1024K)
 Metaspace       used 69323K, committed 69952K, reserved 1114112K
  class space    used 9137K, committed 9408K, reserved 1048576K
}
Event: 13.251 GC heap before
{Heap before GC invocations=21 (full 0):
 garbage-first heap   total 94208K, used 73866K [0x00000000c4400000, 0x0000000100000000)
  region size 1024K, 38 young (38912K), 1 survivors (1024K)
 Metaspace       used 74117K, committed 74816K, reserved 1114112K
  class space    used 9793K, committed 10112K, reserved 1048576K
}
Event: 13.257 GC heap after
{Heap after GC invocations=22 (full 0):
 garbage-first heap   total 94208K, used 40315K [0x00000000c4400000, 0x0000000100000000)
  region size 1024K, 4 young (4096K), 4 survivors (4096K)
 Metaspace       used 74117K, committed 74816K, reserved 1114112K
  class space    used 9793K, committed 10112K, reserved 1048576K
}
Event: 14.582 GC heap before
{Heap before GC invocations=22 (full 0):
 garbage-first heap   total 94208K, used 75131K [0x00000000c4400000, 0x0000000100000000)
  region size 1024K, 38 young (38912K), 4 survivors (4096K)
 Metaspace       used 79984K, committed 80704K, reserved 1179648K
  class space    used 10650K, committed 11008K, reserved 1048576K
}
Event: 14.596 GC heap after
{Heap after GC invocations=23 (full 0):
 garbage-first heap   total 94208K, used 44294K [0x00000000c4400000, 0x0000000100000000)
  region size 1024K, 5 young (5120K), 5 survivors (5120K)
 Metaspace       used 79984K, committed 80704K, reserved 1179648K
  class space    used 10650K, committed 11008K, reserved 1048576K
}
Event: 17.108 GC heap before
{Heap before GC invocations=23 (full 0):
 garbage-first heap   total 94208K, used 72966K [0x00000000c4400000, 0x0000000100000000)
  region size 1024K, 34 young (34816K), 5 survivors (5120K)
 Metaspace       used 87429K, committed 88192K, reserved 1179648K
  class space    used 11609K, committed 11968K, reserved 1048576K
}
Event: 17.118 GC heap after
{Heap after GC invocations=24 (full 0):
 garbage-first heap   total 94208K, used 46773K [0x00000000c4400000, 0x0000000100000000)
  region size 1024K, 3 young (3072K), 3 survivors (3072K)
 Metaspace       used 87429K, committed 88192K, reserved 1179648K
  class space    used 11609K, committed 11968K, reserved 1048576K
}
Event: 25.539 GC heap before
{Heap before GC invocations=24 (full 0):
 garbage-first heap   total 94208K, used 73397K [0x00000000c4400000, 0x0000000100000000)
  region size 1024K, 30 young (30720K), 3 survivors (3072K)
 Metaspace       used 94803K, committed 95744K, reserved 1179648K
  class space    used 12623K, committed 13056K, reserved 1048576K
}
Event: 25.564 GC heap after
{Heap after GC invocations=25 (full 0):
 garbage-first heap   total 94208K, used 49221K [0x00000000c4400000, 0x0000000100000000)
  region size 1024K, 3 young (3072K), 3 survivors (3072K)
 Metaspace       used 94803K, committed 95744K, reserved 1179648K
  class space    used 12623K, committed 13056K, reserved 1048576K
}

