# JRE version: Java(TM) SE Runtime Environment (19.0.1+10) (build 19.0.1+10-21)
# Java VM: Java HotSpot(TM) 64-Bit Server VM (19.0.1+10-21, mixed mode, sharing, tiered, compressed oops, compressed class ptrs, g1 gc, windows-amd64)
GC Precious Log:
 CardTable entry size: 512
 Card Set container configuration: InlinePtr #cards 5 size 8 Array Of Cards #cards 12 size 40 Howl #buckets 4 coarsen threshold 1843 Howl Bitmap #cards 512 size 80 coarsen threshold 460 Card regions per heap region 1 cards per card region 2048
 CPUs: 4 total, 4 available
 Memory: 3818M
 Large Page Support: Disabled
 NUMA Support: Disabled
 Compressed Oops: Enabled (32-bit)
 Heap Region Size: 1M
 Heap Min Capacity: 8M
 Heap Initial Capacity: 60M
 Heap Max Capacity: 956M
 Pre-touch: Disabled
 Parallel Workers: 4
 Concurrent Workers: 1
 Concurrent Refinement Workers: 4
 Periodic GC: Disabled
Heap:
 garbage-first heap   total 101376K, used 73602K [0x00000000c4400000, 0x0000000100000000)
  region size 1024K, 43 young (44032K), 5 survivors (5120K)
 Metaspace       used 58536K, committed 59392K, reserved 1114112K
  class space    used 7693K, committed 8128K, reserved 1048576K
GC Heap History (20 events):
Event: 4.127 GC heap before
{Heap before GC invocations=6 (full 0):
 garbage-first heap   total 61440K, used 35767K [0x00000000c4400000, 0x0000000100000000)
  region size 1024K, 16 young (16384K), 2 survivors (2048K)
 Metaspace       used 21177K, committed 21504K, reserved 1114112K
  class space    used 2600K, committed 2752K, reserved 1048576K
}
Event: 4.131 GC heap after
{Heap after GC invocations=7 (full 0):
 garbage-first heap   total 61440K, used 24085K [0x00000000c4400000, 0x0000000100000000)
  region size 1024K, 3 young (3072K), 3 survivors (3072K)
 Metaspace       used 21177K, committed 21504K, reserved 1114112K
  class space    used 2600K, committed 2752K, reserved 1048576K
}
Event: 4.772 GC heap before
{Heap before GC invocations=8 (full 0):
 garbage-first heap   total 61440K, used 40469K [0x00000000c4400000, 0x0000000100000000)
  region size 1024K, 23 young (23552K), 3 survivors (3072K)
 Metaspace       used 23017K, committed 23360K, reserved 1114112K
  class space    used 2782K, committed 2944K, reserved 1048576K
}
Event: 4.777 GC heap after
{Heap after GC invocations=9 (full 0):
 garbage-first heap   total 61440K, used 22811K [0x00000000c4400000, 0x0000000100000000)
  region size 1024K, 3 young (3072K), 3 survivors (3072K)
 Metaspace       used 23017K, committed 23360K, reserved 1114112K
  class space    used 2782K, committed 2944K, reserved 1048576K
}
Event: 4.795 GC heap before
{Heap before GC invocations=9 (full 0):
 garbage-first heap   total 61440K, used 23835K [0x00000000c4400000, 0x0000000100000000)
  region size 1024K, 4 young (4096K), 3 survivors (3072K)
 Metaspace       used 23084K, committed 23424K, reserved 1114112K
  class space    used 2790K, committed 2944K, reserved 1048576K
}
Event: 4.799 GC heap after
{Heap after GC invocations=10 (full 0):
 garbage-first heap   total 61440K, used 22396K [0x00000000c4400000, 0x0000000100000000)
  region size 1024K, 1 young (1024K), 1 survivors (1024K)
 Metaspace       used 23084K, committed 23424K, reserved 1114112K
  class space    used 2790K, committed 2944K, reserved 1048576K
}
Event: 5.379 GC heap before
{Heap before GC invocations=10 (full 0):
 garbage-first heap   total 61440K, used 44924K [0x00000000c4400000, 0x0000000100000000)
  region size 1024K, 23 young (23552K), 1 survivors (1024K)
 Metaspace       used 24960K, committed 25280K, reserved 1114112K
  class space    used 3041K, committed 3200K, reserved 1048576K
}
Event: 5.382 GC heap after
{Heap after GC invocations=11 (full 0):
 garbage-first heap   total 61440K, used 23621K [0x00000000c4400000, 0x0000000100000000)
  region size 1024K, 2 young (2048K), 2 survivors (2048K)
 Metaspace       used 24960K, committed 25280K, reserved 1114112K
  class space    used 3041K, committed 3200K, reserved 1048576K
}
Event: 5.903 GC heap before
{Heap before GC invocations=11 (full 0):
 garbage-first heap   total 61440K, used 46149K [0x00000000c4400000, 0x0000000100000000)
  region size 1024K, 24 young (24576K), 2 survivors (2048K)
 Metaspace       used 27327K, committed 27776K, reserved 1114112K
  class space    used 3374K, committed 3584K, reserved 1048576K
}
Event: 5.910 GC heap after
{Heap after GC invocations=12 (full 0):
 garbage-first heap   total 61440K, used 25415K [0x00000000c4400000, 0x0000000100000000)
  region size 1024K, 2 young (2048K), 2 survivors (2048K)
 Metaspace       used 27327K, committed 27776K, reserved 1114112K
  class space    used 3374K, committed 3584K, reserved 1048576K
}
Event: 6.677 GC heap before
{Heap before GC invocations=12 (full 0):
 garbage-first heap   total 61440K, used 46919K [0x00000000c4400000, 0x0000000100000000)
  region size 1024K, 23 young (23552K), 2 survivors (2048K)
 Metaspace       used 32941K, committed 33472K, reserved 1114112K
  class space    used 4222K, committed 4480K, reserved 1048576K
}
Event: 6.684 GC heap after
{Heap after GC invocations=13 (full 0):
 garbage-first heap   total 101376K, used 27323K [0x00000000c4400000, 0x0000000100000000)
  region size 1024K, 2 young (2048K), 2 survivors (2048K)
 Metaspace       used 32941K, committed 33472K, reserved 1114112K
  class space    used 4222K, committed 4480K, reserved 1048576K
}
Event: 7.299 GC heap before
{Heap before GC invocations=13 (full 0):
 garbage-first heap   total 101376K, used 40635K [0x00000000c4400000, 0x0000000100000000)
  region size 1024K, 16 young (16384K), 2 survivors (2048K)
 Metaspace       used 35614K, committed 36096K, reserved 1114112K
  class space    used 4616K, committed 4864K, reserved 1048576K
}
Event: 7.306 GC heap after
{Heap after GC invocations=14 (full 0):
 garbage-first heap   total 101376K, used 28708K [0x00000000c4400000, 0x0000000100000000)
  region size 1024K, 4 young (4096K), 4 survivors (4096K)
 Metaspace       used 35614K, committed 36096K, reserved 1114112K
  class space    used 4616K, committed 4864K, reserved 1048576K
}
Event: 9.792 GC heap before
{Heap before GC invocations=15 (full 0):
 garbage-first heap   total 101376K, used 77860K [0x00000000c4400000, 0x0000000100000000)
  region size 1024K, 52 young (53248K), 4 survivors (4096K)
 Metaspace       used 43270K, committed 43968K, reserved 1114112K
  class space    used 5687K, committed 6016K, reserved 1048576K
}
Event: 9.805 GC heap after
{Heap after GC invocations=16 (full 0):
 garbage-first heap   total 101376K, used 33648K [0x00000000c4400000, 0x0000000100000000)
  region size 1024K, 7 young (7168K), 7 survivors (7168K)
 Metaspace       used 43270K, committed 43968K, reserved 1114112K
  class space    used 5687K, committed 6016K, reserved 1048576K
}
Event: 9.815 GC heap before
{Heap before GC invocations=16 (full 0):
 garbage-first heap   total 101376K, used 34672K [0x00000000c4400000, 0x0000000100000000)
  region size 1024K, 8 young (8192K), 7 survivors (7168K)
 Metaspace       used 43469K, committed 44096K, reserved 1114112K
  class space    used 5707K, committed 6016K, reserved 1048576K
}
Event: 9.828 GC heap after
{Heap after GC invocations=17 (full 0):
 garbage-first heap   total 101376K, used 33063K [0x00000000c4400000, 0x0000000100000000)
  region size 1024K, 1 young (1024K), 1 survivors (1024K)
 Metaspace       used 43469K, committed 44096K, reserved 1114112K
  class space    used 5707K, committed 6016K, reserved 1048576K
}
Event: 43.874 GC heap before
{Heap before GC invocations=17 (full 0):
 garbage-first heap   total 101376K, used 74023K [0x00000000c4400000, 0x0000000100000000)
  region size 1024K, 42 young (43008K), 1 survivors (1024K)
 Metaspace       used 53024K, committed 53824K, reserved 1114112K
  class space    used 6992K, committed 7360K, reserved 1048576K
}
Event: 43.973 GC heap after
{Heap after GC invocations=18 (full 0):
 garbage-first heap   total 101376K, used 36738K [0x00000000c4400000, 0x0000000100000000)
  region size 1024K, 5 young (5120K), 5 survivors (5120K)
 Metaspace       used 53024K, committed 53824K, reserved 1114112K
  class space    used 6992K, committed 7360K, reserved 1048576K
}

