# JRE version: Java(TM) SE Runtime Environment (19.0.1+10) (build 19.0.1+10-21)
# Java VM: Java HotSpot(TM) 64-Bit Server VM (19.0.1+10-21, mixed mode, sharing, tiered, compressed oops, compressed class ptrs, g1 gc, windows-amd64)
GC Precious Log:
 CardTable entry size: 512
 Card Set container configuration: InlinePtr #cards 5 size 8 Array Of Cards #cards 12 size 40 Howl #buckets 4 coarsen threshold 1843 Howl Bitmap #cards 512 size 80 coarsen threshold 460 Card regions per heap region 1 cards per card region 2048
 CPUs: 4 total, 4 available
 Memory: 3818M
 Large Page Support: Disabled
 NUMA Support: Disabled
 Compressed Oops: Enabled (32-bit)
 Heap Region Size: 1M
 Heap Min Capacity: 8M
 Heap Initial Capacity: 60M
 Heap Max Capacity: 956M
 Pre-touch: Disabled
 Parallel Workers: 4
 Concurrent Workers: 1
 Concurrent Refinement Workers: 4
 Periodic GC: Disabled
Heap:
 garbage-first heap   total 61440K, used 35197K [0x00000000c4400000, 0x0000000100000000)
  region size 1024K, 20 young (20480K), 3 survivors (3072K)
 Metaspace       used 18192K, committed 18496K, reserved 1114112K
  class space    used 2191K, committed 2304K, reserved 1048576K
GC Heap History (10 events):
Event: 5.229 GC heap before
{Heap before GC invocations=0 (full 0):
 garbage-first heap   total 61440K, used 14336K [0x00000000c4400000, 0x0000000100000000)
  region size 1024K, 13 young (13312K), 0 survivors (0K)
 Metaspace       used 2203K, committed 2432K, reserved 1114112K
  class space    used 198K, committed 320K, reserved 1048576K
}
Event: 5.249 GC heap after
{Heap after GC invocations=1 (full 0):
 garbage-first heap   total 61440K, used 7200K [0x00000000c4400000, 0x0000000100000000)
  region size 1024K, 2 young (2048K), 2 survivors (2048K)
 Metaspace       used 2203K, committed 2432K, reserved 1114112K
  class space    used 198K, committed 320K, reserved 1048576K
}
Event: 5.981 GC heap before
{Heap before GC invocations=1 (full 0):
 garbage-first heap   total 61440K, used 22560K [0x00000000c4400000, 0x0000000100000000)
  region size 1024K, 14 young (14336K), 2 survivors (2048K)
 Metaspace       used 4170K, committed 4416K, reserved 1114112K
  class space    used 402K, committed 512K, reserved 1048576K
}
Event: 6.006 GC heap after
{Heap after GC invocations=2 (full 0):
 garbage-first heap   total 61440K, used 14704K [0x00000000c4400000, 0x0000000100000000)
  region size 1024K, 2 young (2048K), 2 survivors (2048K)
 Metaspace       used 4170K, committed 4416K, reserved 1114112K
  class space    used 402K, committed 512K, reserved 1048576K
}
Event: 10.116 GC heap before
{Heap before GC invocations=2 (full 0):
 garbage-first heap   total 61440K, used 31088K [0x00000000c4400000, 0x0000000100000000)
  region size 1024K, 18 young (18432K), 2 survivors (2048K)
 Metaspace       used 8516K, committed 8704K, reserved 1114112K
  class space    used 941K, committed 1024K, reserved 1048576K
}
Event: 10.145 GC heap after
{Heap after GC invocations=3 (full 0):
 garbage-first heap   total 61440K, used 14947K [0x00000000c4400000, 0x0000000100000000)
  region size 1024K, 2 young (2048K), 2 survivors (2048K)
 Metaspace       used 8516K, committed 8704K, reserved 1114112K
  class space    used 941K, committed 1024K, reserved 1048576K
}
Event: 12.653 GC heap before
{Heap before GC invocations=3 (full 0):
 garbage-first heap   total 61440K, used 34403K [0x00000000c4400000, 0x0000000100000000)
  region size 1024K, 21 young (21504K), 2 survivors (2048K)
 Metaspace       used 13420K, committed 13824K, reserved 1114112K
  class space    used 1636K, committed 1856K, reserved 1048576K
}
Event: 12.670 GC heap after
{Heap after GC invocations=4 (full 0):
 garbage-first heap   total 61440K, used 16588K [0x00000000c4400000, 0x0000000100000000)
  region size 1024K, 2 young (2048K), 2 survivors (2048K)
 Metaspace       used 13420K, committed 13824K, reserved 1114112K
  class space    used 1636K, committed 1856K, reserved 1048576K
}
Event: 13.555 GC heap before
{Heap before GC invocations=4 (full 0):
 garbage-first heap   total 61440K, used 47308K [0x00000000c4400000, 0x0000000100000000)
  region size 1024K, 24 young (24576K), 2 survivors (2048K)
 Metaspace       used 16334K, committed 16704K, reserved 1114112K
  class space    used 2004K, committed 2176K, reserved 1048576K
}
Event: 13.567 GC heap after
{Heap after GC invocations=5 (full 0):
 garbage-first heap   total 61440K, used 19837K [0x00000000c4400000, 0x0000000100000000)
  region size 1024K, 3 young (3072K), 3 survivors (3072K)
 Metaspace       used 16334K, committed 16704K, reserved 1114112K
  class space    used 2004K, committed 2176K, reserved 1048576K
}

