# JRE version: Java(TM) SE Runtime Environment (19.0.1+10) (build 19.0.1+10-21)
# Java VM: Java HotSpot(TM) 64-Bit Server VM (19.0.1+10-21, mixed mode, sharing, tiered, compressed oops, compressed class ptrs, g1 gc, windows-amd64)
GC Precious Log:
 CardTable entry size: 512
 Card Set container configuration: InlinePtr #cards 5 size 8 Array Of Cards #cards 12 size 40 Howl #buckets 4 coarsen threshold 1843 Howl Bitmap #cards 512 size 80 coarsen threshold 460 Card regions per heap region 1 cards per card region 2048
 CPUs: 4 total, 4 available
 Memory: 3818M
 Large Page Support: Disabled
 NUMA Support: Disabled
 Compressed Oops: Enabled (32-bit)
 Heap Region Size: 1M
 Heap Min Capacity: 8M
 Heap Initial Capacity: 60M
 Heap Max Capacity: 956M
 Pre-touch: Disabled
 Parallel Workers: 4
 Concurrent Workers: 1
 Concurrent Refinement Workers: 4
 Periodic GC: Disabled
Heap:
 garbage-first heap   total 87040K, used 44823K [0x00000000c4400000, 0x0000000100000000)
  region size 1024K, 12 young (12288K), 3 survivors (3072K)
 Metaspace       used 58109K, committed 58880K, reserved 1114112K
  class space    used 7683K, committed 8064K, reserved 1048576K
GC Heap History (20 events):
Event: 7.912 GC heap before
{Heap before GC invocations=7 (full 0):
 garbage-first heap   total 61440K, used 23274K [0x00000000c4400000, 0x0000000100000000)
  region size 1024K, 5 young (5120K), 2 survivors (2048K)
 Metaspace       used 21154K, committed 21504K, reserved 1114112K
  class space    used 2585K, committed 2752K, reserved 1048576K
}
Event: 7.916 GC heap after
{Heap after GC invocations=8 (full 0):
 garbage-first heap   total 61440K, used 21652K [0x00000000c4400000, 0x0000000100000000)
  region size 1024K, 2 young (2048K), 2 survivors (2048K)
 Metaspace       used 21154K, committed 21504K, reserved 1114112K
  class space    used 2585K, committed 2752K, reserved 1048576K
}
Event: 9.351 GC heap before
{Heap before GC invocations=9 (full 0):
 garbage-first heap   total 61440K, used 42132K [0x00000000c4400000, 0x0000000100000000)
  region size 1024K, 24 young (24576K), 2 survivors (2048K)
 Metaspace       used 23221K, committed 23680K, reserved 1114112K
  class space    used 2793K, committed 3008K, reserved 1048576K
}
Event: 9.358 GC heap after
{Heap after GC invocations=10 (full 0):
 garbage-first heap   total 61440K, used 21937K [0x00000000c4400000, 0x0000000100000000)
  region size 1024K, 3 young (3072K), 3 survivors (3072K)
 Metaspace       used 23221K, committed 23680K, reserved 1114112K
  class space    used 2793K, committed 3008K, reserved 1048576K
}
Event: 9.426 GC heap before
{Heap before GC invocations=10 (full 0):
 garbage-first heap   total 61440K, used 22961K [0x00000000c4400000, 0x0000000100000000)
  region size 1024K, 4 young (4096K), 3 survivors (3072K)
 Metaspace       used 23320K, committed 23744K, reserved 1114112K
  class space    used 2804K, committed 3008K, reserved 1048576K
}
Event: 9.433 GC heap after
{Heap after GC invocations=11 (full 0):
 garbage-first heap   total 61440K, used 21495K [0x00000000c4400000, 0x0000000100000000)
  region size 1024K, 1 young (1024K), 1 survivors (1024K)
 Metaspace       used 23320K, committed 23744K, reserved 1114112K
  class space    used 2804K, committed 3008K, reserved 1048576K
}
Event: 11.433 GC heap before
{Heap before GC invocations=11 (full 0):
 garbage-first heap   total 61440K, used 42999K [0x00000000c4400000, 0x0000000100000000)
  region size 1024K, 23 young (23552K), 1 survivors (1024K)
 Metaspace       used 25245K, committed 25664K, reserved 1114112K
  class space    used 3065K, committed 3264K, reserved 1048576K
}
Event: 11.439 GC heap after
{Heap after GC invocations=12 (full 0):
 garbage-first heap   total 87040K, used 22843K [0x00000000c4400000, 0x0000000100000000)
  region size 1024K, 2 young (2048K), 2 survivors (2048K)
 Metaspace       used 25245K, committed 25664K, reserved 1114112K
  class space    used 3065K, committed 3264K, reserved 1048576K
}
Event: 14.116 GC heap before
{Heap before GC invocations=12 (full 0):
 garbage-first heap   total 87040K, used 64827K [0x00000000c4400000, 0x0000000100000000)
  region size 1024K, 43 young (44032K), 2 survivors (2048K)
 Metaspace       used 32883K, committed 33344K, reserved 1114112K
  class space    used 4171K, committed 4352K, reserved 1048576K
}
Event: 14.128 GC heap after
{Heap after GC invocations=13 (full 0):
 garbage-first heap   total 87040K, used 26004K [0x00000000c4400000, 0x0000000100000000)
  region size 1024K, 5 young (5120K), 5 survivors (5120K)
 Metaspace       used 32883K, committed 33344K, reserved 1114112K
  class space    used 4171K, committed 4352K, reserved 1048576K
}
Event: 15.297 GC heap before
{Heap before GC invocations=13 (full 0):
 garbage-first heap   total 87040K, used 39316K [0x00000000c4400000, 0x0000000100000000)
  region size 1024K, 19 young (19456K), 5 survivors (5120K)
 Metaspace       used 35551K, committed 36096K, reserved 1114112K
  class space    used 4595K, committed 4864K, reserved 1048576K
}
Event: 15.315 GC heap after
{Heap after GC invocations=14 (full 0):
 garbage-first heap   total 87040K, used 27722K [0x00000000c4400000, 0x0000000100000000)
  region size 1024K, 2 young (2048K), 2 survivors (2048K)
 Metaspace       used 35551K, committed 36096K, reserved 1114112K
  class space    used 4595K, committed 4864K, reserved 1048576K
}
Event: 17.770 GC heap before
{Heap before GC invocations=15 (full 0):
 garbage-first heap   total 87040K, used 66634K [0x00000000c4400000, 0x0000000100000000)
  region size 1024K, 40 young (40960K), 2 survivors (2048K)
 Metaspace       used 41220K, committed 41856K, reserved 1114112K
  class space    used 5354K, committed 5696K, reserved 1048576K
}
Event: 17.783 GC heap after
{Heap after GC invocations=16 (full 0):
 garbage-first heap   total 87040K, used 31366K [0x00000000c4400000, 0x0000000100000000)
  region size 1024K, 5 young (5120K), 5 survivors (5120K)
 Metaspace       used 41220K, committed 41856K, reserved 1114112K
  class space    used 5354K, committed 5696K, reserved 1048576K
}
Event: 17.827 GC heap before
{Heap before GC invocations=16 (full 0):
 garbage-first heap   total 87040K, used 32390K [0x00000000c4400000, 0x0000000100000000)
  region size 1024K, 6 young (6144K), 5 survivors (5120K)
 Metaspace       used 41336K, committed 41984K, reserved 1114112K
  class space    used 5370K, committed 5696K, reserved 1048576K
}
Event: 17.844 GC heap after
{Heap after GC invocations=17 (full 0):
 garbage-first heap   total 87040K, used 30937K [0x00000000c4400000, 0x0000000100000000)
  region size 1024K, 1 young (1024K), 1 survivors (1024K)
 Metaspace       used 41336K, committed 41984K, reserved 1114112K
  class space    used 5370K, committed 5696K, reserved 1048576K
}
Event: 20.110 GC heap before
{Heap before GC invocations=17 (full 0):
 garbage-first heap   total 87040K, used 65753K [0x00000000c4400000, 0x0000000100000000)
  region size 1024K, 36 young (36864K), 1 survivors (1024K)
 Metaspace       used 49287K, committed 50048K, reserved 1114112K
  class space    used 6476K, committed 6848K, reserved 1048576K
}
Event: 20.120 GC heap after
{Heap after GC invocations=18 (full 0):
 garbage-first heap   total 87040K, used 34806K [0x00000000c4400000, 0x0000000100000000)
  region size 1024K, 5 young (5120K), 5 survivors (5120K)
 Metaspace       used 49287K, committed 50048K, reserved 1114112K
  class space    used 6476K, committed 6848K, reserved 1048576K
}
Event: 108.399 GC heap before
{Heap before GC invocations=18 (full 0):
 garbage-first heap   total 87040K, used 66550K [0x00000000c4400000, 0x0000000100000000)
  region size 1024K, 36 young (36864K), 5 survivors (5120K)
 Metaspace       used 56146K, committed 56960K, reserved 1114112K
  class space    used 7436K, committed 7808K, reserved 1048576K
}
Event: 108.582 GC heap after
{Heap after GC invocations=19 (full 0):
 garbage-first heap   total 87040K, used 37655K [0x00000000c4400000, 0x0000000100000000)
  region size 1024K, 3 young (3072K), 3 survivors (3072K)
 Metaspace       used 56146K, committed 56960K, reserved 1114112K
  class space    used 7436K, committed 7808K, reserved 1048576K
}

