# JRE version: Java(TM) SE Runtime Environment (19.0.1+10) (build 19.0.1+10-21)
# Java VM: Java HotSpot(TM) 64-Bit Server VM (19.0.1+10-21, mixed mode, sharing, tiered, compressed oops, compressed class ptrs, g1 gc, windows-amd64)
GC Precious Log:
 CardTable entry size: 512
 Card Set container configuration: InlinePtr #cards 5 size 8 Array Of Cards #cards 12 size 40 Howl #buckets 4 coarsen threshold 1843 Howl Bitmap #cards 512 size 80 coarsen threshold 460 Card regions per heap region 1 cards per card region 2048
 CPUs: 4 total, 4 available
 Memory: 3818M
 Large Page Support: Disabled
 NUMA Support: Disabled
 Compressed Oops: Enabled (32-bit)
 Heap Region Size: 1M
 Heap Min Capacity: 8M
 Heap Initial Capacity: 60M
 Heap Max Capacity: 956M
 Pre-touch: Disabled
 Parallel Workers: 4
 Concurrent Workers: 1
 Concurrent Refinement Workers: 4
 Periodic GC: Disabled
Heap:
 garbage-first heap   total 73728K, used 39506K [0x00000000c4400000, 0x0000000100000000)
  region size 1024K, 6 young (6144K), 1 survivors (1024K)
 Metaspace       used 53880K, committed 55104K, reserved 1114112K
  class space    used 6905K, committed 7424K, reserved 1048576K
GC Heap History (20 events):
Event: 9.640 GC heap before
{Heap before GC invocations=11 (full 0):
 garbage-first heap   total 73728K, used 53665K [0x00000000c4400000, 0x0000000100000000)
  region size 1024K, 32 young (32768K), 3 survivors (3072K)
 Metaspace       used 31446K, committed 31872K, reserved 1114112K
  class space    used 3938K, committed 4096K, reserved 1048576K
}
Event: 9.650 GC heap after
{Heap after GC invocations=12 (full 0):
 garbage-first heap   total 73728K, used 27407K [0x00000000c4400000, 0x0000000100000000)
  region size 1024K, 3 young (3072K), 3 survivors (3072K)
 Metaspace       used 31446K, committed 31872K, reserved 1114112K
  class space    used 3938K, committed 4096K, reserved 1048576K
}
Event: 10.925 GC heap before
{Heap before GC invocations=12 (full 0):
 garbage-first heap   total 73728K, used 47887K [0x00000000c4400000, 0x0000000100000000)
  region size 1024K, 24 young (24576K), 3 survivors (3072K)
 Metaspace       used 35917K, committed 36480K, reserved 1114112K
  class space    used 4643K, committed 4928K, reserved 1048576K
}
Event: 10.937 GC heap after
{Heap after GC invocations=13 (full 0):
 garbage-first heap   total 73728K, used 29716K [0x00000000c4400000, 0x0000000100000000)
  region size 1024K, 3 young (3072K), 3 survivors (3072K)
 Metaspace       used 35917K, committed 36480K, reserved 1114112K
  class space    used 4643K, committed 4928K, reserved 1048576K
}
Event: 12.440 GC heap before
{Heap before GC invocations=14 (full 0):
 garbage-first heap   total 73728K, used 55316K [0x00000000c4400000, 0x0000000100000000)
  region size 1024K, 29 young (29696K), 3 survivors (3072K)
 Metaspace       used 39816K, committed 40448K, reserved 1114112K
  class space    used 5149K, committed 5440K, reserved 1048576K
}
Event: 12.452 GC heap after
{Heap after GC invocations=15 (full 0):
 garbage-first heap   total 73728K, used 32214K [0x00000000c4400000, 0x0000000100000000)
  region size 1024K, 3 young (3072K), 3 survivors (3072K)
 Metaspace       used 39816K, committed 40448K, reserved 1114112K
  class space    used 5149K, committed 5440K, reserved 1048576K
}
Event: 12.486 GC heap before
{Heap before GC invocations=15 (full 0):
 garbage-first heap   total 73728K, used 33238K [0x00000000c4400000, 0x0000000100000000)
  region size 1024K, 4 young (4096K), 3 survivors (3072K)
 Metaspace       used 39990K, committed 40576K, reserved 1114112K
  class space    used 5173K, committed 5440K, reserved 1048576K
}
Event: 12.498 GC heap after
{Heap after GC invocations=16 (full 0):
 garbage-first heap   total 73728K, used 30419K [0x00000000c4400000, 0x0000000100000000)
  region size 1024K, 1 young (1024K), 1 survivors (1024K)
 Metaspace       used 39990K, committed 40576K, reserved 1114112K
  class space    used 5173K, committed 5440K, reserved 1048576K
}
Event: 14.953 GC heap before
{Heap before GC invocations=16 (full 0):
 garbage-first heap   total 73728K, used 54995K [0x00000000c4400000, 0x0000000100000000)
  region size 1024K, 26 young (26624K), 1 survivors (1024K)
 Metaspace       used 45241K, committed 45952K, reserved 1114112K
  class space    used 5929K, committed 6272K, reserved 1048576K
}
Event: 14.963 GC heap after
{Heap after GC invocations=17 (full 0):
 garbage-first heap   total 73728K, used 33149K [0x00000000c4400000, 0x0000000100000000)
  region size 1024K, 4 young (4096K), 4 survivors (4096K)
 Metaspace       used 45241K, committed 45952K, reserved 1114112K
  class space    used 5929K, committed 6272K, reserved 1048576K
}
Event: 18.807 GC heap before
{Heap before GC invocations=17 (full 0):
 garbage-first heap   total 73728K, used 55677K [0x00000000c4400000, 0x0000000100000000)
  region size 1024K, 26 young (26624K), 4 survivors (4096K)
 Metaspace       used 50021K, committed 50688K, reserved 1114112K
  class space    used 6576K, committed 6912K, reserved 1048576K
}
Event: 18.822 GC heap after
{Heap after GC invocations=18 (full 0):
 garbage-first heap   total 73728K, used 35825K [0x00000000c4400000, 0x0000000100000000)
  region size 1024K, 3 young (3072K), 3 survivors (3072K)
 Metaspace       used 50021K, committed 50688K, reserved 1114112K
  class space    used 6576K, committed 6912K, reserved 1048576K
}
Event: 323.151 GC heap before
{Heap before GC invocations=18 (full 0):
 garbage-first heap   total 73728K, used 56305K [0x00000000c4400000, 0x0000000100000000)
  region size 1024K, 23 young (23552K), 3 survivors (3072K)
 Metaspace       used 53473K, committed 54272K, reserved 1114112K
  class space    used 7014K, committed 7424K, reserved 1048576K
}
Event: 323.271 GC heap after
{Heap after GC invocations=19 (full 0):
 garbage-first heap   total 73728K, used 37380K [0x00000000c4400000, 0x0000000100000000)
  region size 1024K, 2 young (2048K), 2 survivors (2048K)
 Metaspace       used 53473K, committed 54272K, reserved 1114112K
  class space    used 7014K, committed 7424K, reserved 1048576K
}
Event: 883.251 GC heap before
{Heap before GC invocations=20 (full 0):
 garbage-first heap   total 73728K, used 56836K [0x00000000c4400000, 0x0000000100000000)
  region size 1024K, 21 young (21504K), 2 survivors (2048K)
 Metaspace       used 53939K, committed 54784K, reserved 1114112K
  class space    used 7017K, committed 7424K, reserved 1048576K
}
Event: 883.374 GC heap after
{Heap after GC invocations=21 (full 0):
 garbage-first heap   total 73728K, used 37386K [0x00000000c4400000, 0x0000000100000000)
  region size 1024K, 2 young (2048K), 2 survivors (2048K)
 Metaspace       used 53939K, committed 54784K, reserved 1114112K
  class space    used 7017K, committed 7424K, reserved 1048576K
}
Event: 915.335 GC heap before
{Heap before GC invocations=21 (full 0):
 garbage-first heap   total 73728K, used 38410K [0x00000000c4400000, 0x0000000100000000)
  region size 1024K, 3 young (3072K), 2 survivors (2048K)
 Metaspace       used 53945K, committed 54784K, reserved 1114112K
  class space    used 7018K, committed 7424K, reserved 1048576K
}
Event: 915.822 GC heap after
{Heap after GC invocations=22 (full 0):
 garbage-first heap   total 73728K, used 35068K [0x00000000c4400000, 0x0000000100000000)
  region size 1024K, 1 young (1024K), 1 survivors (1024K)
 Metaspace       used 53945K, committed 54784K, reserved 1114112K
  class space    used 7018K, committed 7424K, reserved 1048576K
}
Event: 1502.200 GC heap before
{Heap before GC invocations=22 (full 0):
 garbage-first heap   total 73728K, used 58620K [0x00000000c4400000, 0x0000000100000000)
  region size 1024K, 24 young (24576K), 1 survivors (1024K)
 Metaspace       used 54252K, committed 55104K, reserved 1114112K
  class space    used 7020K, committed 7424K, reserved 1048576K
}
Event: 1502.391 GC heap after
{Heap after GC invocations=23 (full 0):
 garbage-first heap   total 73728K, used 35410K [0x00000000c4400000, 0x0000000100000000)
  region size 1024K, 1 young (1024K), 1 survivors (1024K)
 Metaspace       used 54252K, committed 55104K, reserved 1114112K
  class space    used 7020K, committed 7424K, reserved 1048576K
}

