# JRE version: Java(TM) SE Runtime Environment (19.0.1+10) (build 19.0.1+10-21)
# Java VM: Java HotSpot(TM) 64-Bit Server VM (19.0.1+10-21, mixed mode, sharing, tiered, compressed oops, compressed class ptrs, g1 gc, windows-amd64)
GC Precious Log:
 CardTable entry size: 512
 Card Set container configuration: InlinePtr #cards 5 size 8 Array Of Cards #cards 12 size 40 Howl #buckets 4 coarsen threshold 1843 Howl Bitmap #cards 512 size 80 coarsen threshold 460 Card regions per heap region 1 cards per card region 2048
 CPUs: 4 total, 4 available
 Memory: 3818M
 Large Page Support: Disabled
 NUMA Support: Disabled
 Compressed Oops: Enabled (32-bit)
 Heap Region Size: 1M
 Heap Min Capacity: 8M
 Heap Initial Capacity: 60M
 Heap Max Capacity: 956M
 Pre-touch: Disabled
 Parallel Workers: 4
 Concurrent Workers: 1
 Concurrent Refinement Workers: 4
 Periodic GC: Disabled
Heap:
 garbage-first heap   total 140288K, used 56865K [0x00000000c4400000, 0x0000000100000000)
  region size 1024K, 24 young (24576K), 4 survivors (4096K)
 Metaspace       used 56391K, committed 57280K, reserved 1114112K
  class space    used 6987K, committed 7424K, reserved 1048576K
GC Heap History (20 events):
Event: 6.225 GC heap before
{Heap before GC invocations=11 (full 0):
 garbage-first heap   total 73728K, used 36644K [0x00000000c4400000, 0x0000000100000000)
  region size 1024K, 18 young (18432K), 5 survivors (5120K)
 Metaspace       used 35465K, committed 35968K, reserved 1114112K
  class space    used 4289K, committed 4544K, reserved 1048576K
}
Event: 6.232 GC heap after
{Heap after GC invocations=12 (full 0):
 garbage-first heap   total 73728K, used 27436K [0x00000000c4400000, 0x0000000100000000)
  region size 1024K, 3 young (3072K), 3 survivors (3072K)
 Metaspace       used 35465K, committed 35968K, reserved 1114112K
  class space    used 4289K, committed 4544K, reserved 1048576K
}
Event: 7.073 GC heap before
{Heap before GC invocations=13 (full 0):
 garbage-first heap   total 73728K, used 54060K [0x00000000c4400000, 0x0000000100000000)
  region size 1024K, 29 young (29696K), 3 survivors (3072K)
 Metaspace       used 40037K, committed 40576K, reserved 1114112K
  class space    used 5023K, committed 5248K, reserved 1048576K
}
Event: 7.079 GC heap after
{Heap after GC invocations=14 (full 0):
 garbage-first heap   total 73728K, used 30057K [0x00000000c4400000, 0x0000000100000000)
  region size 1024K, 4 young (4096K), 4 survivors (4096K)
 Metaspace       used 40037K, committed 40576K, reserved 1114112K
  class space    used 5023K, committed 5248K, reserved 1048576K
}
Event: 7.103 GC heap before
{Heap before GC invocations=14 (full 0):
 garbage-first heap   total 73728K, used 31081K [0x00000000c4400000, 0x0000000100000000)
  region size 1024K, 5 young (5120K), 4 survivors (4096K)
 Metaspace       used 40149K, committed 40768K, reserved 1114112K
  class space    used 5041K, committed 5312K, reserved 1048576K
}
Event: 7.108 GC heap after
{Heap after GC invocations=15 (full 0):
 garbage-first heap   total 73728K, used 30084K [0x00000000c4400000, 0x0000000100000000)
  region size 1024K, 1 young (1024K), 1 survivors (1024K)
 Metaspace       used 40149K, committed 40768K, reserved 1114112K
  class space    used 5041K, committed 5312K, reserved 1048576K
}
Event: 7.801 GC heap before
{Heap before GC invocations=15 (full 0):
 garbage-first heap   total 73728K, used 54660K [0x00000000c4400000, 0x0000000100000000)
  region size 1024K, 26 young (26624K), 1 survivors (1024K)
 Metaspace       used 44604K, committed 45312K, reserved 1114112K
  class space    used 5741K, committed 6080K, reserved 1048576K
}
Event: 7.807 GC heap after
{Heap after GC invocations=16 (full 0):
 garbage-first heap   total 73728K, used 32736K [0x00000000c4400000, 0x0000000100000000)
  region size 1024K, 4 young (4096K), 4 survivors (4096K)
 Metaspace       used 44604K, committed 45312K, reserved 1114112K
  class space    used 5741K, committed 6080K, reserved 1048576K
}
Event: 8.675 GC heap before
{Heap before GC invocations=16 (full 0):
 garbage-first heap   total 73728K, used 54240K [0x00000000c4400000, 0x0000000100000000)
  region size 1024K, 26 young (26624K), 4 survivors (4096K)
 Metaspace       used 50128K, committed 50944K, reserved 1114112K
  class space    used 6481K, committed 6848K, reserved 1048576K
}
Event: 8.683 GC heap after
{Heap after GC invocations=17 (full 0):
 garbage-first heap   total 73728K, used 34687K [0x00000000c4400000, 0x0000000100000000)
  region size 1024K, 2 young (2048K), 2 survivors (2048K)
 Metaspace       used 50128K, committed 50944K, reserved 1114112K
  class space    used 6481K, committed 6848K, reserved 1048576K
}
Event: 117.831 GC heap before
{Heap before GC invocations=17 (full 0):
 garbage-first heap   total 73728K, used 56191K [0x00000000c4400000, 0x0000000100000000)
  region size 1024K, 24 young (24576K), 2 survivors (2048K)
 Metaspace       used 54585K, committed 55424K, reserved 1114112K
  class space    used 6949K, committed 7360K, reserved 1048576K
}
Event: 117.963 GC heap after
{Heap after GC invocations=18 (full 0):
 garbage-first heap   total 73728K, used 36475K [0x00000000c4400000, 0x0000000100000000)
  region size 1024K, 2 young (2048K), 2 survivors (2048K)
 Metaspace       used 54585K, committed 55424K, reserved 1114112K
  class space    used 6949K, committed 7360K, reserved 1048576K
}
Event: 266.380 GC heap before
{Heap before GC invocations=18 (full 0):
 garbage-first heap   total 73728K, used 57979K [0x00000000c4400000, 0x0000000100000000)
  region size 1024K, 23 young (23552K), 2 survivors (2048K)
 Metaspace       used 55005K, committed 55872K, reserved 1114112K
  class space    used 6949K, committed 7360K, reserved 1048576K
}
Event: 266.522 GC heap after
{Heap after GC invocations=19 (full 0):
 garbage-first heap   total 73728K, used 37402K [0x00000000c4400000, 0x0000000100000000)
  region size 1024K, 2 young (2048K), 2 survivors (2048K)
 Metaspace       used 55005K, committed 55872K, reserved 1114112K
  class space    used 6949K, committed 7360K, reserved 1048576K
}
Event: 441.094 GC heap before
{Heap before GC invocations=20 (full 0):
 garbage-first heap   total 73728K, used 57882K [0x00000000c4400000, 0x0000000100000000)
  region size 1024K, 22 young (22528K), 2 survivors (2048K)
 Metaspace       used 55247K, committed 56064K, reserved 1114112K
  class space    used 6950K, committed 7360K, reserved 1048576K
}
Event: 441.308 GC heap after
{Heap after GC invocations=21 (full 0):
 garbage-first heap   total 140288K, used 37417K [0x00000000c4400000, 0x0000000100000000)
  region size 1024K, 2 young (2048K), 2 survivors (2048K)
 Metaspace       used 55247K, committed 56064K, reserved 1114112K
  class space    used 6950K, committed 7360K, reserved 1048576K
}
Event: 472.644 GC heap before
{Heap before GC invocations=21 (full 0):
 garbage-first heap   total 140288K, used 41513K [0x00000000c4400000, 0x0000000100000000)
  region size 1024K, 6 young (6144K), 2 survivors (2048K)
 Metaspace       used 55278K, committed 56064K, reserved 1114112K
  class space    used 6950K, committed 7360K, reserved 1048576K
}
Event: 472.822 GC heap after
{Heap after GC invocations=22 (full 0):
 garbage-first heap   total 140288K, used 35155K [0x00000000c4400000, 0x0000000100000000)
  region size 1024K, 1 young (1024K), 1 survivors (1024K)
 Metaspace       used 55278K, committed 56064K, reserved 1114112K
  class space    used 6950K, committed 7360K, reserved 1048576K
}
Event: 961.267 GC heap before
{Heap before GC invocations=22 (full 0):
 garbage-first heap   total 140288K, used 102739K [0x00000000c4400000, 0x0000000100000000)
  region size 1024K, 68 young (69632K), 1 survivors (1024K)
 Metaspace       used 56103K, committed 56960K, reserved 1114112K
  class space    used 6987K, committed 7424K, reserved 1048576K
}
Event: 961.434 GC heap after
{Heap after GC invocations=23 (full 0):
 garbage-first heap   total 140288K, used 38433K [0x00000000c4400000, 0x0000000100000000)
  region size 1024K, 4 young (4096K), 4 survivors (4096K)
 Metaspace       used 56103K, committed 56960K, reserved 1114112K
  class space    used 6987K, committed 7424K, reserved 1048576K
}

