# JRE version: Java(TM) SE Runtime Environment (19.0.1+10) (build 19.0.1+10-21)
# Java VM: Java HotSpot(TM) 64-Bit Server VM (19.0.1+10-21, mixed mode, sharing, tiered, compressed oops, compressed class ptrs, g1 gc, windows-amd64)
GC Precious Log:
 CardTable entry size: 512
 Card Set container configuration: InlinePtr #cards 5 size 8 Array Of Cards #cards 12 size 40 Howl #buckets 4 coarsen threshold 1843 Howl Bitmap #cards 512 size 80 coarsen threshold 460 Card regions per heap region 1 cards per card region 2048
 CPUs: 4 total, 4 available
 Memory: 3818M
 Large Page Support: Disabled
 NUMA Support: Disabled
 Compressed Oops: Enabled (32-bit)
 Heap Region Size: 1M
 Heap Min Capacity: 8M
 Heap Initial Capacity: 60M
 Heap Max Capacity: 956M
 Pre-touch: Disabled
 Parallel Workers: 4
 Concurrent Workers: 1
 Concurrent Refinement Workers: 4
 Periodic GC: Disabled
Heap:
 garbage-first heap   total 61440K, used 21485K [0x00000000c4400000, 0x0000000100000000)
  region size 1024K, 5 young (5120K), 2 survivors (2048K)
 Metaspace       used 21251K, committed 21632K, reserved 1114112K
  class space    used 2479K, committed 2688K, reserved 1048576K
GC Heap History (12 events):
Event: 4.704 GC heap before
{Heap before GC invocations=0 (full 0):
 garbage-first heap   total 61440K, used 14336K [0x00000000c4400000, 0x0000000100000000)
  region size 1024K, 13 young (13312K), 0 survivors (0K)
 Metaspace       used 2554K, committed 2752K, reserved 1114112K
  class space    used 235K, committed 320K, reserved 1048576K
}
Event: 4.723 GC heap after
{Heap after GC invocations=1 (full 0):
 garbage-first heap   total 61440K, used 6374K [0x00000000c4400000, 0x0000000100000000)
  region size 1024K, 2 young (2048K), 2 survivors (2048K)
 Metaspace       used 2554K, committed 2752K, reserved 1114112K
  class space    used 235K, committed 320K, reserved 1048576K
}
Event: 5.336 GC heap before
{Heap before GC invocations=1 (full 0):
 garbage-first heap   total 61440K, used 21734K [0x00000000c4400000, 0x0000000100000000)
  region size 1024K, 13 young (13312K), 2 survivors (2048K)
 Metaspace       used 4161K, committed 4352K, reserved 1114112K
  class space    used 401K, committed 512K, reserved 1048576K
}
Event: 5.349 GC heap after
{Heap after GC invocations=2 (full 0):
 garbage-first heap   total 61440K, used 14236K [0x00000000c4400000, 0x0000000100000000)
  region size 1024K, 2 young (2048K), 2 survivors (2048K)
 Metaspace       used 4161K, committed 4352K, reserved 1114112K
  class space    used 401K, committed 512K, reserved 1048576K
}
Event: 6.834 GC heap before
{Heap before GC invocations=2 (full 0):
 garbage-first heap   total 61440K, used 30620K [0x00000000c4400000, 0x0000000100000000)
  region size 1024K, 18 young (18432K), 2 survivors (2048K)
 Metaspace       used 8669K, committed 8896K, reserved 1114112K
  class space    used 964K, committed 1088K, reserved 1048576K
}
Event: 6.842 GC heap after
{Heap after GC invocations=3 (full 0):
 garbage-first heap   total 61440K, used 16291K [0x00000000c4400000, 0x0000000100000000)
  region size 1024K, 2 young (2048K), 2 survivors (2048K)
 Metaspace       used 8669K, committed 8896K, reserved 1114112K
  class space    used 964K, committed 1088K, reserved 1048576K
}
Event: 8.446 GC heap before
{Heap before GC invocations=3 (full 0):
 garbage-first heap   total 61440K, used 35747K [0x00000000c4400000, 0x0000000100000000)
  region size 1024K, 21 young (21504K), 2 survivors (2048K)
 Metaspace       used 13698K, committed 14080K, reserved 1114112K
  class space    used 1592K, committed 1792K, reserved 1048576K
}
Event: 8.452 GC heap after
{Heap after GC invocations=4 (full 0):
 garbage-first heap   total 61440K, used 17860K [0x00000000c4400000, 0x0000000100000000)
  region size 1024K, 2 young (2048K), 2 survivors (2048K)
 Metaspace       used 13698K, committed 14080K, reserved 1114112K
  class space    used 1592K, committed 1792K, reserved 1048576K
}
Event: 10.624 GC heap before
{Heap before GC invocations=4 (full 0):
 garbage-first heap   total 61440K, used 39364K [0x00000000c4400000, 0x0000000100000000)
  region size 1024K, 24 young (24576K), 2 survivors (2048K)
 Metaspace       used 19177K, committed 19584K, reserved 1114112K
  class space    used 2292K, committed 2496K, reserved 1048576K
}
Event: 10.640 GC heap after
{Heap after GC invocations=5 (full 0):
 garbage-first heap   total 61440K, used 20357K [0x00000000c4400000, 0x0000000100000000)
  region size 1024K, 3 young (3072K), 3 survivors (3072K)
 Metaspace       used 19177K, committed 19584K, reserved 1114112K
  class space    used 2292K, committed 2496K, reserved 1048576K
}
Event: 14.617 GC heap before
{Heap before GC invocations=5 (full 0):
 garbage-first heap   total 61440K, used 34693K [0x00000000c4400000, 0x0000000100000000)
  region size 1024K, 19 young (19456K), 3 survivors (3072K)
 Metaspace       used 21192K, committed 21504K, reserved 1114112K
  class space    used 2468K, committed 2624K, reserved 1048576K
}
Event: 14.662 GC heap after
{Heap after GC invocations=6 (full 0):
 garbage-first heap   total 61440K, used 22509K [0x00000000c4400000, 0x0000000100000000)
  region size 1024K, 2 young (2048K), 2 survivors (2048K)
 Metaspace       used 21192K, committed 21504K, reserved 1114112K
  class space    used 2468K, committed 2624K, reserved 1048576K
}

