# JRE version: Java(TM) SE Runtime Environment (19.0.1+10) (build 19.0.1+10-21)
# Java VM: Java HotSpot(TM) 64-Bit Server VM (19.0.1+10-21, mixed mode, sharing, tiered, compressed oops, compressed class ptrs, g1 gc, windows-amd64)
GC Precious Log:
 CardTable entry size: 512
 Card Set container configuration: InlinePtr #cards 5 size 8 Array Of Cards #cards 12 size 40 Howl #buckets 4 coarsen threshold 1843 Howl Bitmap #cards 512 size 80 coarsen threshold 460 Card regions per heap region 1 cards per card region 2048
 CPUs: 4 total, 4 available
 Memory: 3818M
 Large Page Support: Disabled
 NUMA Support: Disabled
 Compressed Oops: Enabled (32-bit)
 Heap Region Size: 1M
 Heap Min Capacity: 8M
 Heap Initial Capacity: 60M
 Heap Max Capacity: 956M
 Pre-touch: Disabled
 Parallel Workers: 4
 Concurrent Workers: 1
 Concurrent Refinement Workers: 4
 Periodic GC: Disabled
Heap:
 garbage-first heap   total 87040K, used 53346K [0x00000000c4400000, 0x0000000100000000)
  region size 1024K, 18 young (18432K), 1 survivors (1024K)
 Metaspace       used 55307K, committed 56064K, reserved 1114112K
  class space    used 6950K, committed 7296K, reserved 1048576K
GC Heap History (20 events):
Event: 6.617 GC heap before
{Heap before GC invocations=8 (full 0):
 garbage-first heap   total 61440K, used 40910K [0x00000000c4400000, 0x0000000100000000)
  region size 1024K, 21 young (21504K), 1 survivors (1024K)
 Metaspace       used 22912K, committed 23360K, reserved 1114112K
  class space    used 2683K, committed 2880K, reserved 1048576K
}
Event: 6.622 GC heap after
{Heap after GC invocations=9 (full 0):
 garbage-first heap   total 61440K, used 21652K [0x00000000c4400000, 0x0000000100000000)
  region size 1024K, 2 young (2048K), 2 survivors (2048K)
 Metaspace       used 22912K, committed 23360K, reserved 1114112K
  class space    used 2683K, committed 2880K, reserved 1048576K
}
Event: 6.650 GC heap before
{Heap before GC invocations=9 (full 0):
 garbage-first heap   total 61440K, used 22676K [0x00000000c4400000, 0x0000000100000000)
  region size 1024K, 3 young (3072K), 2 survivors (2048K)
 Metaspace       used 23077K, committed 23488K, reserved 1114112K
  class space    used 2697K, committed 2880K, reserved 1048576K
}
Event: 6.654 GC heap after
{Heap after GC invocations=10 (full 0):
 garbage-first heap   total 61440K, used 21132K [0x00000000c4400000, 0x0000000100000000)
  region size 1024K, 1 young (1024K), 1 survivors (1024K)
 Metaspace       used 23077K, committed 23488K, reserved 1114112K
  class space    used 2697K, committed 2880K, reserved 1048576K
}
Event: 7.491 GC heap before
{Heap before GC invocations=10 (full 0):
 garbage-first heap   total 61440K, used 42636K [0x00000000c4400000, 0x0000000100000000)
  region size 1024K, 23 young (23552K), 1 survivors (1024K)
 Metaspace       used 25640K, committed 26048K, reserved 1114112K
  class space    used 3055K, committed 3264K, reserved 1048576K
}
Event: 7.495 GC heap after
{Heap after GC invocations=11 (full 0):
 garbage-first heap   total 87040K, used 22793K [0x00000000c4400000, 0x0000000100000000)
  region size 1024K, 2 young (2048K), 2 survivors (2048K)
 Metaspace       used 25640K, committed 26048K, reserved 1114112K
  class space    used 3055K, committed 3264K, reserved 1048576K
}
Event: 9.375 GC heap before
{Heap before GC invocations=11 (full 0):
 garbage-first heap   total 87040K, used 65801K [0x00000000c4400000, 0x0000000100000000)
  region size 1024K, 43 young (44032K), 2 survivors (2048K)
 Metaspace       used 33594K, committed 34176K, reserved 1114112K
  class space    used 4081K, committed 4352K, reserved 1048576K
}
Event: 9.387 GC heap after
{Heap after GC invocations=12 (full 0):
 garbage-first heap   total 87040K, used 26788K [0x00000000c4400000, 0x0000000100000000)
  region size 1024K, 6 young (6144K), 6 survivors (6144K)
 Metaspace       used 33594K, committed 34176K, reserved 1114112K
  class space    used 4081K, committed 4352K, reserved 1048576K
}
Event: 9.773 GC heap before
{Heap before GC invocations=12 (full 0):
 garbage-first heap   total 87040K, used 31908K [0x00000000c4400000, 0x0000000100000000)
  region size 1024K, 12 young (12288K), 6 survivors (6144K)
 Metaspace       used 35459K, committed 35968K, reserved 1114112K
  class space    used 4279K, committed 4544K, reserved 1048576K
}
Event: 9.782 GC heap after
{Heap after GC invocations=13 (full 0):
 garbage-first heap   total 87040K, used 28014K [0x00000000c4400000, 0x0000000100000000)
  region size 1024K, 2 young (2048K), 2 survivors (2048K)
 Metaspace       used 35459K, committed 35968K, reserved 1114112K
  class space    used 4279K, committed 4544K, reserved 1048576K
}
Event: 10.975 GC heap before
{Heap before GC invocations=14 (full 0):
 garbage-first heap   total 87040K, used 61806K [0x00000000c4400000, 0x0000000100000000)
  region size 1024K, 35 young (35840K), 2 survivors (2048K)
 Metaspace       used 41045K, committed 41600K, reserved 1114112K
  class space    used 5179K, committed 5440K, reserved 1048576K
}
Event: 10.983 GC heap after
{Heap after GC invocations=15 (full 0):
 garbage-first heap   total 87040K, used 31090K [0x00000000c4400000, 0x0000000100000000)
  region size 1024K, 5 young (5120K), 5 survivors (5120K)
 Metaspace       used 41045K, committed 41600K, reserved 1114112K
  class space    used 5179K, committed 5440K, reserved 1048576K
}
Event: 11.023 GC heap before
{Heap before GC invocations=15 (full 0):
 garbage-first heap   total 87040K, used 32114K [0x00000000c4400000, 0x0000000100000000)
  region size 1024K, 6 young (6144K), 5 survivors (5120K)
 Metaspace       used 41445K, committed 42048K, reserved 1114112K
  class space    used 5225K, committed 5504K, reserved 1048576K
}
Event: 11.031 GC heap after
{Heap after GC invocations=16 (full 0):
 garbage-first heap   total 87040K, used 30810K [0x00000000c4400000, 0x0000000100000000)
  region size 1024K, 1 young (1024K), 1 survivors (1024K)
 Metaspace       used 41445K, committed 42048K, reserved 1114112K
  class space    used 5225K, committed 5504K, reserved 1048576K
}
Event: 12.776 GC heap before
{Heap before GC invocations=16 (full 0):
 garbage-first heap   total 87040K, used 62554K [0x00000000c4400000, 0x0000000100000000)
  region size 1024K, 33 young (33792K), 1 survivors (1024K)
 Metaspace       used 48276K, committed 49024K, reserved 1114112K
  class space    used 6208K, committed 6592K, reserved 1048576K
}
Event: 12.784 GC heap after
{Heap after GC invocations=17 (full 0):
 garbage-first heap   total 87040K, used 34270K [0x00000000c4400000, 0x0000000100000000)
  region size 1024K, 4 young (4096K), 4 survivors (4096K)
 Metaspace       used 48276K, committed 49024K, reserved 1114112K
  class space    used 6208K, committed 6592K, reserved 1048576K
}
Event: 80.423 GC heap before
{Heap before GC invocations=17 (full 0):
 garbage-first heap   total 87040K, used 64990K [0x00000000c4400000, 0x0000000100000000)
  region size 1024K, 35 young (35840K), 4 survivors (4096K)
 Metaspace       used 54566K, committed 55296K, reserved 1114112K
  class space    used 6936K, committed 7296K, reserved 1048576K
}
Event: 81.192 GC heap after
{Heap after GC invocations=18 (full 0):
 garbage-first heap   total 87040K, used 36659K [0x00000000c4400000, 0x0000000100000000)
  region size 1024K, 3 young (3072K), 3 survivors (3072K)
 Metaspace       used 54566K, committed 55296K, reserved 1114112K
  class space    used 6936K, committed 7296K, reserved 1048576K
}
Event: 177.639 GC heap before
{Heap before GC invocations=18 (full 0):
 garbage-first heap   total 87040K, used 53043K [0x00000000c4400000, 0x0000000100000000)
  region size 1024K, 19 young (19456K), 3 survivors (3072K)
 Metaspace       used 54991K, committed 55744K, reserved 1114112K
  class space    used 6942K, committed 7296K, reserved 1048576K
}
Event: 178.023 GC heap after
{Heap after GC invocations=19 (full 0):
 garbage-first heap   total 87040K, used 36962K [0x00000000c4400000, 0x0000000100000000)
  region size 1024K, 1 young (1024K), 1 survivors (1024K)
 Metaspace       used 54991K, committed 55744K, reserved 1114112K
  class space    used 6942K, committed 7296K, reserved 1048576K
}

