# JRE version: Java(TM) SE Runtime Environment (19.0.1+10) (build 19.0.1+10-21)
# Java VM: Java HotSpot(TM) 64-Bit Server VM (19.0.1+10-21, mixed mode, sharing, tiered, compressed oops, compressed class ptrs, g1 gc, windows-amd64)
GC Precious Log:
 CardTable entry size: 512
 Card Set container configuration: InlinePtr #cards 5 size 8 Array Of Cards #cards 12 size 40 Howl #buckets 4 coarsen threshold 1843 Howl Bitmap #cards 512 size 80 coarsen threshold 460 Card regions per heap region 1 cards per card region 2048
 CPUs: 4 total, 4 available
 Memory: 3818M
 Large Page Support: Disabled
 NUMA Support: Disabled
 Compressed Oops: Enabled (32-bit)
 Heap Region Size: 1M
 Heap Min Capacity: 8M
 Heap Initial Capacity: 60M
 Heap Max Capacity: 956M
 Pre-touch: Disabled
 Parallel Workers: 4
 Concurrent Workers: 1
 Concurrent Refinement Workers: 4
 Periodic GC: Disabled
Heap:
 garbage-first heap   total 73728K, used 43912K [0x00000000c4400000, 0x0000000100000000)
  region size 1024K, 4 young (4096K), 1 survivors (1024K)
 Metaspace       used 62068K, committed 62912K, reserved 1114112K
  class space    used 7783K, committed 8192K, reserved 1048576K
GC Heap History (20 events):
Event: 16.966 GC heap before
{Heap before GC invocations=18 (full 0):
 garbage-first heap   total 73728K, used 57296K [0x00000000c4400000, 0x0000000100000000)
  region size 1024K, 23 young (23552K), 3 survivors (3072K)
 Metaspace       used 52217K, committed 52928K, reserved 1114112K
  class space    used 6730K, committed 7040K, reserved 1048576K
}
Event: 16.974 GC heap after
{Heap after GC invocations=19 (full 0):
 garbage-first heap   total 73728K, used 39728K [0x00000000c4400000, 0x0000000100000000)
  region size 1024K, 3 young (3072K), 3 survivors (3072K)
 Metaspace       used 52217K, committed 52928K, reserved 1114112K
  class space    used 6730K, committed 7040K, reserved 1048576K
}
Event: 137.239 GC heap before
{Heap before GC invocations=20 (full 0):
 garbage-first heap   total 73728K, used 57136K [0x00000000c4400000, 0x0000000100000000)
  region size 1024K, 21 young (21504K), 3 survivors (3072K)
 Metaspace       used 56422K, committed 57152K, reserved 1114112K
  class space    used 7256K, committed 7616K, reserved 1048576K
}
Event: 137.332 GC heap after
{Heap after GC invocations=21 (full 0):
 garbage-first heap   total 73728K, used 41332K [0x00000000c4400000, 0x0000000100000000)
  region size 1024K, 2 young (2048K), 2 survivors (2048K)
 Metaspace       used 56422K, committed 57152K, reserved 1114112K
  class space    used 7256K, committed 7616K, reserved 1048576K
}
Event: 137.383 GC heap before
{Heap before GC invocations=21 (full 0):
 garbage-first heap   total 73728K, used 42356K [0x00000000c4400000, 0x0000000100000000)
  region size 1024K, 3 young (3072K), 2 survivors (2048K)
 Metaspace       used 56683K, committed 57536K, reserved 1114112K
  class space    used 7288K, committed 7680K, reserved 1048576K
}
Event: 137.414 GC heap after
{Heap after GC invocations=22 (full 0):
 garbage-first heap   total 73728K, used 41330K [0x00000000c4400000, 0x0000000100000000)
  region size 1024K, 1 young (1024K), 1 survivors (1024K)
 Metaspace       used 56683K, committed 57536K, reserved 1114112K
  class space    used 7288K, committed 7680K, reserved 1048576K
}
Event: 186.418 GC heap before
{Heap before GC invocations=22 (full 0):
 garbage-first heap   total 73728K, used 57714K [0x00000000c4400000, 0x0000000100000000)
  region size 1024K, 18 young (18432K), 1 survivors (1024K)
 Metaspace       used 60141K, committed 60928K, reserved 1114112K
  class space    used 7761K, committed 8128K, reserved 1048576K
}
Event: 186.985 GC heap after
{Heap after GC invocations=23 (full 0):
 garbage-first heap   total 73728K, used 42397K [0x00000000c4400000, 0x0000000100000000)
  region size 1024K, 2 young (2048K), 2 survivors (2048K)
 Metaspace       used 60141K, committed 60928K, reserved 1114112K
  class space    used 7761K, committed 8128K, reserved 1048576K
}
Event: 333.679 GC heap before
{Heap before GC invocations=24 (full 0):
 garbage-first heap   total 73728K, used 48541K [0x00000000c4400000, 0x0000000100000000)
  region size 1024K, 8 young (8192K), 2 survivors (2048K)
 Metaspace       used 60536K, committed 61312K, reserved 1114112K
  class space    used 7768K, committed 8128K, reserved 1048576K
}
Event: 333.768 GC heap after
{Heap after GC invocations=25 (full 0):
 garbage-first heap   total 73728K, used 42862K [0x00000000c4400000, 0x0000000100000000)
  region size 1024K, 1 young (1024K), 1 survivors (1024K)
 Metaspace       used 60536K, committed 61312K, reserved 1114112K
  class space    used 7768K, committed 8128K, reserved 1048576K
}
Event: 387.430 GC heap before
{Heap before GC invocations=25 (full 0):
 garbage-first heap   total 73728K, used 44910K [0x00000000c4400000, 0x0000000100000000)
  region size 1024K, 3 young (3072K), 1 survivors (1024K)
 Metaspace       used 60627K, committed 61376K, reserved 1114112K
  class space    used 7768K, committed 8128K, reserved 1048576K
}
Event: 387.766 GC heap after
{Heap after GC invocations=26 (full 0):
 garbage-first heap   total 73728K, used 42154K [0x00000000c4400000, 0x0000000100000000)
  region size 1024K, 1 young (1024K), 1 survivors (1024K)
 Metaspace       used 60627K, committed 61376K, reserved 1114112K
  class space    used 7768K, committed 8128K, reserved 1048576K
}
Event: 786.181 GC heap before
{Heap before GC invocations=26 (full 0):
 garbage-first heap   total 73728K, used 58538K [0x00000000c4400000, 0x0000000100000000)
  region size 1024K, 18 young (18432K), 1 survivors (1024K)
 Metaspace       used 61301K, committed 62144K, reserved 1114112K
  class space    used 7771K, committed 8192K, reserved 1048576K
}
Event: 786.398 GC heap after
{Heap after GC invocations=27 (full 0):
 garbage-first heap   total 73728K, used 42522K [0x00000000c4400000, 0x0000000100000000)
  region size 1024K, 1 young (1024K), 1 survivors (1024K)
 Metaspace       used 61301K, committed 62144K, reserved 1114112K
  class space    used 7771K, committed 8192K, reserved 1048576K
}
Event: 1247.082 GC heap before
{Heap before GC invocations=28 (full 0):
 garbage-first heap   total 73728K, used 59930K [0x00000000c4400000, 0x0000000100000000)
  region size 1024K, 18 young (18432K), 1 survivors (1024K)
 Metaspace       used 62028K, committed 62848K, reserved 1114112K
  class space    used 7782K, committed 8192K, reserved 1048576K
}
Event: 1247.378 GC heap after
{Heap after GC invocations=29 (full 0):
 garbage-first heap   total 73728K, used 42629K [0x00000000c4400000, 0x0000000100000000)
  region size 1024K, 2 young (2048K), 2 survivors (2048K)
 Metaspace       used 62028K, committed 62848K, reserved 1114112K
  class space    used 7782K, committed 8192K, reserved 1048576K
}
Event: 1256.983 GC heap before
{Heap before GC invocations=29 (full 0):
 garbage-first heap   total 73728K, used 43653K [0x00000000c4400000, 0x0000000100000000)
  region size 1024K, 3 young (3072K), 2 survivors (2048K)
 Metaspace       used 62040K, committed 62912K, reserved 1114112K
  class space    used 7783K, committed 8192K, reserved 1048576K
}
Event: 1257.182 GC heap after
{Heap after GC invocations=30 (full 0):
 garbage-first heap   total 73728K, used 42232K [0x00000000c4400000, 0x0000000100000000)
  region size 1024K, 1 young (1024K), 1 survivors (1024K)
 Metaspace       used 62040K, committed 62912K, reserved 1114112K
  class space    used 7783K, committed 8192K, reserved 1048576K
}
Event: 1307.716 GC heap before
{Heap before GC invocations=30 (full 0):
 garbage-first heap   total 73728K, used 44280K [0x00000000c4400000, 0x0000000100000000)
  region size 1024K, 3 young (3072K), 1 survivors (1024K)
 Metaspace       used 62066K, committed 62912K, reserved 1114112K
  class space    used 7783K, committed 8192K, reserved 1048576K
}
Event: 1307.990 GC heap after
{Heap after GC invocations=31 (full 0):
 garbage-first heap   total 73728K, used 41864K [0x00000000c4400000, 0x0000000100000000)
  region size 1024K, 1 young (1024K), 1 survivors (1024K)
 Metaspace       used 62066K, committed 62912K, reserved 1114112K
  class space    used 7783K, committed 8192K, reserved 1048576K
}

