# JRE version: Java(TM) SE Runtime Environment (19.0.1+10) (build 19.0.1+10-21)
# Java VM: Java HotSpot(TM) 64-Bit Server VM (19.0.1+10-21, mixed mode, sharing, tiered, compressed oops, compressed class ptrs, g1 gc, windows-amd64)
GC Precious Log:
 CardTable entry size: 512
 Card Set container configuration: InlinePtr #cards 5 size 8 Array Of Cards #cards 12 size 40 Howl #buckets 4 coarsen threshold 1843 Howl Bitmap #cards 512 size 80 coarsen threshold 460 Card regions per heap region 1 cards per card region 2048
 CPUs: 4 total, 4 available
 Memory: 3818M
 Large Page Support: Disabled
 NUMA Support: Disabled
 Compressed Oops: Enabled (32-bit)
 Heap Region Size: 1M
 Heap Min Capacity: 8M
 Heap Initial Capacity: 60M
 Heap Max Capacity: 956M
 Pre-touch: Disabled
 Parallel Workers: 4
 Concurrent Workers: 1
 Concurrent Refinement Workers: 4
 Periodic GC: Disabled
Heap:
 garbage-first heap   total 87040K, used 44682K [0x00000000c4400000, 0x0000000100000000)
  region size 1024K, 3 young (3072K), 1 survivors (1024K)
 Metaspace       used 61383K, committed 62272K, reserved 1114112K
  class space    used 7765K, committed 8192K, reserved 1048576K
GC Heap History (20 events):
Event: 11.435 GC heap before
{Heap before GC invocations=10 (full 0):
 garbage-first heap   total 87040K, used 62879K [0x00000000c4400000, 0x0000000100000000)
  region size 1024K, 40 young (40960K), 2 survivors (2048K)
 Metaspace       used 32485K, committed 32960K, reserved 1114112K
  class space    used 3923K, committed 4160K, reserved 1048576K
}
Event: 11.445 GC heap after
{Heap after GC invocations=11 (full 0):
 garbage-first heap   total 87040K, used 26455K [0x00000000c4400000, 0x0000000100000000)
  region size 1024K, 5 young (5120K), 5 survivors (5120K)
 Metaspace       used 32485K, committed 32960K, reserved 1114112K
  class space    used 3923K, committed 4160K, reserved 1048576K
}
Event: 12.103 GC heap before
{Heap before GC invocations=11 (full 0):
 garbage-first heap   total 87040K, used 50007K [0x00000000c4400000, 0x0000000100000000)
  region size 1024K, 29 young (29696K), 5 survivors (5120K)
 Metaspace       used 35542K, committed 36096K, reserved 1114112K
  class space    used 4348K, committed 4608K, reserved 1048576K
}
Event: 12.114 GC heap after
{Heap after GC invocations=12 (full 0):
 garbage-first heap   total 87040K, used 28862K [0x00000000c4400000, 0x0000000100000000)
  region size 1024K, 3 young (3072K), 3 survivors (3072K)
 Metaspace       used 35542K, committed 36096K, reserved 1114112K
  class space    used 4348K, committed 4608K, reserved 1048576K
}
Event: 12.860 GC heap before
{Heap before GC invocations=13 (full 0):
 garbage-first heap   total 87040K, used 63678K [0x00000000c4400000, 0x0000000100000000)
  region size 1024K, 37 young (37888K), 3 survivors (3072K)
 Metaspace       used 40367K, committed 40896K, reserved 1114112K
  class space    used 5015K, committed 5248K, reserved 1048576K
}
Event: 12.870 GC heap after
{Heap after GC invocations=14 (full 0):
 garbage-first heap   total 87040K, used 33149K [0x00000000c4400000, 0x0000000100000000)
  region size 1024K, 5 young (5120K), 5 survivors (5120K)
 Metaspace       used 40367K, committed 40896K, reserved 1114112K
  class space    used 5015K, committed 5248K, reserved 1048576K
}
Event: 12.874 GC heap before
{Heap before GC invocations=14 (full 0):
 garbage-first heap   total 87040K, used 34173K [0x00000000c4400000, 0x0000000100000000)
  region size 1024K, 6 young (6144K), 5 survivors (5120K)
 Metaspace       used 40371K, committed 40960K, reserved 1114112K
  class space    used 5015K, committed 5248K, reserved 1048576K
}
Event: 12.883 GC heap after
{Heap after GC invocations=15 (full 0):
 garbage-first heap   total 87040K, used 33608K [0x00000000c4400000, 0x0000000100000000)
  region size 1024K, 1 young (1024K), 1 survivors (1024K)
 Metaspace       used 40371K, committed 40960K, reserved 1114112K
  class space    used 5015K, committed 5248K, reserved 1048576K
}
Event: 14.336 GC heap before
{Heap before GC invocations=15 (full 0):
 garbage-first heap   total 87040K, used 64328K [0x00000000c4400000, 0x0000000100000000)
  region size 1024K, 32 young (32768K), 1 survivors (1024K)
 Metaspace       used 46038K, committed 46656K, reserved 1114112K
  class space    used 5892K, committed 6144K, reserved 1048576K
}
Event: 14.341 GC heap after
{Heap after GC invocations=16 (full 0):
 garbage-first heap   total 87040K, used 36864K [0x00000000c4400000, 0x0000000100000000)
  region size 1024K, 4 young (4096K), 4 survivors (4096K)
 Metaspace       used 46038K, committed 46656K, reserved 1114112K
  class space    used 5892K, committed 6144K, reserved 1048576K
}
Event: 15.924 GC heap before
{Heap before GC invocations=16 (full 0):
 garbage-first heap   total 87040K, used 66560K [0x00000000c4400000, 0x0000000100000000)
  region size 1024K, 33 young (33792K), 4 survivors (4096K)
 Metaspace       used 51683K, committed 52352K, reserved 1114112K
  class space    used 6659K, committed 6976K, reserved 1048576K
}
Event: 15.936 GC heap after
{Heap after GC invocations=17 (full 0):
 garbage-first heap   total 87040K, used 41266K [0x00000000c4400000, 0x0000000100000000)
  region size 1024K, 5 young (5120K), 5 survivors (5120K)
 Metaspace       used 51683K, committed 52352K, reserved 1114112K
  class space    used 6659K, committed 6976K, reserved 1048576K
}
Event: 68.702 GC heap before
{Heap before GC invocations=17 (full 0):
 garbage-first heap   total 87040K, used 65842K [0x00000000c4400000, 0x0000000100000000)
  region size 1024K, 30 young (30720K), 5 survivors (5120K)
 Metaspace       used 57599K, committed 58304K, reserved 1114112K
  class space    used 7389K, committed 7744K, reserved 1048576K
}
Event: 68.759 GC heap after
{Heap after GC invocations=18 (full 0):
 garbage-first heap   total 87040K, used 43294K [0x00000000c4400000, 0x0000000100000000)
  region size 1024K, 3 young (3072K), 3 survivors (3072K)
 Metaspace       used 57599K, committed 58304K, reserved 1114112K
  class space    used 7389K, committed 7744K, reserved 1048576K
}
Event: 70.296 GC heap before
{Heap before GC invocations=18 (full 0):
 garbage-first heap   total 87040K, used 53534K [0x00000000c4400000, 0x0000000100000000)
  region size 1024K, 14 young (14336K), 3 survivors (3072K)
 Metaspace       used 59730K, committed 60480K, reserved 1114112K
  class space    used 7690K, committed 8064K, reserved 1048576K
}
Event: 70.308 GC heap after
{Heap after GC invocations=19 (full 0):
 garbage-first heap   total 87040K, used 43721K [0x00000000c4400000, 0x0000000100000000)
  region size 1024K, 3 young (3072K), 3 survivors (3072K)
 Metaspace       used 59730K, committed 60480K, reserved 1114112K
  class space    used 7690K, committed 8064K, reserved 1048576K
}
Event: 716.720 GC heap before
{Heap before GC invocations=20 (full 0):
 garbage-first heap   total 87040K, used 69321K [0x00000000c4400000, 0x0000000100000000)
  region size 1024K, 28 young (28672K), 3 survivors (3072K)
 Metaspace       used 61337K, committed 62144K, reserved 1114112K
  class space    used 7764K, committed 8192K, reserved 1048576K
}
Event: 716.855 GC heap after
{Heap after GC invocations=21 (full 0):
 garbage-first heap   total 87040K, used 45136K [0x00000000c4400000, 0x0000000100000000)
  region size 1024K, 3 young (3072K), 3 survivors (3072K)
 Metaspace       used 61337K, committed 62144K, reserved 1114112K
  class space    used 7764K, committed 8192K, reserved 1048576K
}
Event: 717.720 GC heap before
{Heap before GC invocations=21 (full 0):
 garbage-first heap   total 87040K, used 46160K [0x00000000c4400000, 0x0000000100000000)
  region size 1024K, 4 young (4096K), 3 survivors (3072K)
 Metaspace       used 61349K, committed 62208K, reserved 1114112K
  class space    used 7764K, committed 8192K, reserved 1048576K
}
Event: 717.966 GC heap after
{Heap after GC invocations=22 (full 0):
 garbage-first heap   total 87040K, used 43658K [0x00000000c4400000, 0x0000000100000000)
  region size 1024K, 1 young (1024K), 1 survivors (1024K)
 Metaspace       used 61349K, committed 62208K, reserved 1114112K
  class space    used 7764K, committed 8192K, reserved 1048576K
}

