# JRE version: Java(TM) SE Runtime Environment (19.0.1+10) (build 19.0.1+10-21)
# Java VM: Java HotSpot(TM) 64-Bit Server VM (19.0.1+10-21, mixed mode, sharing, tiered, compressed oops, compressed class ptrs, g1 gc, windows-amd64)
GC Precious Log:
 CardTable entry size: 512
 Card Set container configuration: InlinePtr #cards 5 size 8 Array Of Cards #cards 12 size 40 Howl #buckets 4 coarsen threshold 1843 Howl Bitmap #cards 512 size 80 coarsen threshold 460 Card regions per heap region 1 cards per card region 2048
 CPUs: 4 total, 4 available
 Memory: 3818M
 Large Page Support: Disabled
 NUMA Support: Disabled
 Compressed Oops: Enabled (32-bit)
 Heap Region Size: 1M
 Heap Min Capacity: 8M
 Heap Initial Capacity: 60M
 Heap Max Capacity: 956M
 Pre-touch: Disabled
 Parallel Workers: 4
 Concurrent Workers: 1
 Concurrent Refinement Workers: 4
 Periodic GC: Disabled
Heap:
 garbage-first heap   total 108544K, used 22745K [0x00000000c4400000, 0x0000000100000000)
  region size 1024K, 4 young (4096K), 2 survivors (2048K)
 Metaspace       used 24946K, committed 25344K, reserved 1114112K
  class space    used 2953K, committed 3136K, reserved 1048576K
GC Heap History (18 events):
Event: 1.824 GC heap before
{Heap before GC invocations=0 (full 0):
 garbage-first heap   total 61440K, used 14336K [0x00000000c4400000, 0x0000000100000000)
  region size 1024K, 13 young (13312K), 0 survivors (0K)
 Metaspace       used 2337K, committed 2560K, reserved 1114112K
  class space    used 214K, committed 320K, reserved 1048576K
}
Event: 1.830 GC heap after
{Heap after GC invocations=1 (full 0):
 garbage-first heap   total 61440K, used 7034K [0x00000000c4400000, 0x0000000100000000)
  region size 1024K, 2 young (2048K), 2 survivors (2048K)
 Metaspace       used 2337K, committed 2560K, reserved 1114112K
  class space    used 214K, committed 320K, reserved 1048576K
}
Event: 2.092 GC heap before
{Heap before GC invocations=1 (full 0):
 garbage-first heap   total 61440K, used 21370K [0x00000000c4400000, 0x0000000100000000)
  region size 1024K, 13 young (13312K), 2 survivors (2048K)
 Metaspace       used 4166K, committed 4352K, reserved 1114112K
  class space    used 401K, committed 512K, reserved 1048576K
}
Event: 2.100 GC heap after
{Heap after GC invocations=2 (full 0):
 garbage-first heap   total 61440K, used 14530K [0x00000000c4400000, 0x0000000100000000)
  region size 1024K, 2 young (2048K), 2 survivors (2048K)
 Metaspace       used 4166K, committed 4352K, reserved 1114112K
  class space    used 401K, committed 512K, reserved 1048576K
}
Event: 3.261 GC heap before
{Heap before GC invocations=2 (full 0):
 garbage-first heap   total 61440K, used 29890K [0x00000000c4400000, 0x0000000100000000)
  region size 1024K, 17 young (17408K), 2 survivors (2048K)
 Metaspace       used 8550K, committed 8768K, reserved 1114112K
  class space    used 944K, committed 1088K, reserved 1048576K
}
Event: 3.268 GC heap after
{Heap after GC invocations=3 (full 0):
 garbage-first heap   total 61440K, used 16225K [0x00000000c4400000, 0x0000000100000000)
  region size 1024K, 2 young (2048K), 2 survivors (2048K)
 Metaspace       used 8550K, committed 8768K, reserved 1114112K
  class space    used 944K, committed 1088K, reserved 1048576K
}
Event: 4.493 GC heap before
{Heap before GC invocations=3 (full 0):
 garbage-first heap   total 61440K, used 34657K [0x00000000c4400000, 0x0000000100000000)
  region size 1024K, 21 young (21504K), 2 survivors (2048K)
 Metaspace       used 13607K, committed 13952K, reserved 1114112K
  class space    used 1588K, committed 1792K, reserved 1048576K
}
Event: 4.496 GC heap after
{Heap after GC invocations=4 (full 0):
 garbage-first heap   total 61440K, used 18003K [0x00000000c4400000, 0x0000000100000000)
  region size 1024K, 2 young (2048K), 2 survivors (2048K)
 Metaspace       used 13607K, committed 13952K, reserved 1114112K
  class space    used 1588K, committed 1792K, reserved 1048576K
}
Event: 4.872 GC heap before
{Heap before GC invocations=4 (full 0):
 garbage-first heap   total 61440K, used 38483K [0x00000000c4400000, 0x0000000100000000)
  region size 1024K, 23 young (23552K), 2 survivors (2048K)
 Metaspace       used 19086K, committed 19456K, reserved 1114112K
  class space    used 2266K, committed 2432K, reserved 1048576K
}
Event: 4.877 GC heap after
{Heap after GC invocations=5 (full 0):
 garbage-first heap   total 61440K, used 19830K [0x00000000c4400000, 0x0000000100000000)
  region size 1024K, 3 young (3072K), 3 survivors (3072K)
 Metaspace       used 19086K, committed 19456K, reserved 1114112K
  class space    used 2266K, committed 2432K, reserved 1048576K
}
Event: 5.109 GC heap before
{Heap before GC invocations=5 (full 0):
 garbage-first heap   total 61440K, used 31094K [0x00000000c4400000, 0x0000000100000000)
  region size 1024K, 16 young (16384K), 3 survivors (3072K)
 Metaspace       used 21155K, committed 21504K, reserved 1114112K
  class space    used 2470K, committed 2624K, reserved 1048576K
}
Event: 5.115 GC heap after
{Heap after GC invocations=6 (full 0):
 garbage-first heap   total 61440K, used 21923K [0x00000000c4400000, 0x0000000100000000)
  region size 1024K, 2 young (2048K), 2 survivors (2048K)
 Metaspace       used 21155K, committed 21504K, reserved 1114112K
  class space    used 2470K, committed 2624K, reserved 1048576K
}
Event: 5.714 GC heap before
{Heap before GC invocations=7 (full 0):
 garbage-first heap   total 61440K, used 38307K [0x00000000c4400000, 0x0000000100000000)
  region size 1024K, 21 young (21504K), 2 survivors (2048K)
 Metaspace       used 22279K, committed 22656K, reserved 1114112K
  class space    used 2598K, committed 2752K, reserved 1048576K
}
Event: 5.723 GC heap after
{Heap after GC invocations=8 (full 0):
 garbage-first heap   total 61440K, used 20498K [0x00000000c4400000, 0x0000000100000000)
  region size 1024K, 2 young (2048K), 2 survivors (2048K)
 Metaspace       used 22279K, committed 22656K, reserved 1114112K
  class space    used 2598K, committed 2752K, reserved 1048576K
}
Event: 5.736 GC heap before
{Heap before GC invocations=8 (full 0):
 garbage-first heap   total 61440K, used 21522K [0x00000000c4400000, 0x0000000100000000)
  region size 1024K, 3 young (3072K), 2 survivors (2048K)
 Metaspace       used 22318K, committed 22784K, reserved 1114112K
  class space    used 2601K, committed 2816K, reserved 1048576K
}
Event: 5.740 GC heap after
{Heap after GC invocations=9 (full 0):
 garbage-first heap   total 61440K, used 20390K [0x00000000c4400000, 0x0000000100000000)
  region size 1024K, 1 young (1024K), 1 survivors (1024K)
 Metaspace       used 22318K, committed 22784K, reserved 1114112K
  class space    used 2601K, committed 2816K, reserved 1048576K
}
Event: 6.879 GC heap before
{Heap before GC invocations=9 (full 0):
 garbage-first heap   total 61440K, used 40870K [0x00000000c4400000, 0x0000000100000000)
  region size 1024K, 22 young (22528K), 1 survivors (1024K)
 Metaspace       used 24840K, committed 25280K, reserved 1114112K
  class space    used 2936K, committed 3136K, reserved 1048576K
}
Event: 6.935 GC heap after
{Heap after GC invocations=10 (full 0):
 garbage-first heap   total 108544K, used 21721K [0x00000000c4400000, 0x0000000100000000)
  region size 1024K, 2 young (2048K), 2 survivors (2048K)
 Metaspace       used 24840K, committed 25280K, reserved 1114112K
  class space    used 2936K, committed 3136K, reserved 1048576K
}

