# JRE version: Java(TM) SE Runtime Environment (19.0.1+10) (build 19.0.1+10-21)
# Java VM: Java HotSpot(TM) 64-Bit Server VM (19.0.1+10-21, mixed mode, sharing, tiered, compressed oops, compressed class ptrs, g1 gc, windows-amd64)
GC Precious Log:
 CardTable entry size: 512
 Card Set container configuration: InlinePtr #cards 5 size 8 Array Of Cards #cards 12 size 40 Howl #buckets 4 coarsen threshold 1843 Howl Bitmap #cards 512 size 80 coarsen threshold 460 Card regions per heap region 1 cards per card region 2048
 CPUs: 4 total, 4 available
 Memory: 3818M
 Large Page Support: Disabled
 NUMA Support: Disabled
 Compressed Oops: Enabled (32-bit)
 Heap Region Size: 1M
 Heap Min Capacity: 8M
 Heap Initial Capacity: 60M
 Heap Max Capacity: 956M
 Pre-touch: Disabled
 Parallel Workers: 4
 Concurrent Workers: 1
 Concurrent Refinement Workers: 4
 Periodic GC: Disabled
Heap:
 garbage-first heap   total 87040K, used 56154K [0x00000000c4400000, 0x0000000100000000)
  region size 1024K, 15 young (15360K), 1 survivors (1024K)
 Metaspace       used 60775K, committed 61568K, reserved 1114112K
  class space    used 7767K, committed 8128K, reserved 1048576K
GC Heap History (20 events):
Event: 4.935 GC heap before
{Heap before GC invocations=8 (full 0):
 garbage-first heap   total 61440K, used 22635K [0x00000000c4400000, 0x0000000100000000)
  region size 1024K, 3 young (3072K), 2 survivors (2048K)
 Metaspace       used 22885K, committed 23296K, reserved 1114112K
  class space    used 2673K, committed 2880K, reserved 1048576K
}
Event: 4.939 GC heap after
{Heap after GC invocations=9 (full 0):
 garbage-first heap   total 61440K, used 21453K [0x00000000c4400000, 0x0000000100000000)
  region size 1024K, 1 young (1024K), 1 survivors (1024K)
 Metaspace       used 22885K, committed 23296K, reserved 1114112K
  class space    used 2673K, committed 2880K, reserved 1048576K
}
Event: 5.393 GC heap before
{Heap before GC invocations=9 (full 0):
 garbage-first heap   total 61440K, used 41933K [0x00000000c4400000, 0x0000000100000000)
  region size 1024K, 22 young (22528K), 1 survivors (1024K)
 Metaspace       used 25090K, committed 25472K, reserved 1114112K
  class space    used 2979K, committed 3136K, reserved 1048576K
}
Event: 5.397 GC heap after
{Heap after GC invocations=10 (full 0):
 garbage-first heap   total 87040K, used 22710K [0x00000000c4400000, 0x0000000100000000)
  region size 1024K, 2 young (2048K), 2 survivors (2048K)
 Metaspace       used 25090K, committed 25472K, reserved 1114112K
  class space    used 2979K, committed 3136K, reserved 1048576K
}
Event: 6.695 GC heap before
{Heap before GC invocations=10 (full 0):
 garbage-first heap   total 87040K, used 63670K [0x00000000c4400000, 0x0000000100000000)
  region size 1024K, 41 young (41984K), 2 survivors (2048K)
 Metaspace       used 32439K, committed 32960K, reserved 1114112K
  class space    used 3923K, committed 4160K, reserved 1048576K
}
Event: 6.707 GC heap after
{Heap after GC invocations=11 (full 0):
 garbage-first heap   total 87040K, used 26671K [0x00000000c4400000, 0x0000000100000000)
  region size 1024K, 6 young (6144K), 6 survivors (6144K)
 Metaspace       used 32439K, committed 32960K, reserved 1114112K
  class space    used 3923K, committed 4160K, reserved 1048576K
}
Event: 7.420 GC heap before
{Heap before GC invocations=11 (full 0):
 garbage-first heap   total 87040K, used 52271K [0x00000000c4400000, 0x0000000100000000)
  region size 1024K, 32 young (32768K), 6 survivors (6144K)
 Metaspace       used 35695K, committed 36160K, reserved 1114112K
  class space    used 4386K, committed 4608K, reserved 1048576K
}
Event: 7.434 GC heap after
{Heap after GC invocations=12 (full 0):
 garbage-first heap   total 87040K, used 27784K [0x00000000c4400000, 0x0000000100000000)
  region size 1024K, 2 young (2048K), 2 survivors (2048K)
 Metaspace       used 35695K, committed 36160K, reserved 1114112K
  class space    used 4386K, committed 4608K, reserved 1048576K
}
Event: 8.167 GC heap before
{Heap before GC invocations=13 (full 0):
 garbage-first heap   total 87040K, used 64648K [0x00000000c4400000, 0x0000000100000000)
  region size 1024K, 38 young (38912K), 2 survivors (2048K)
 Metaspace       used 40331K, committed 40960K, reserved 1114112K
  class space    used 5020K, committed 5312K, reserved 1048576K
}
Event: 8.176 GC heap after
{Heap after GC invocations=14 (full 0):
 garbage-first heap   total 87040K, used 32768K [0x00000000c4400000, 0x0000000100000000)
  region size 1024K, 5 young (5120K), 5 survivors (5120K)
 Metaspace       used 40331K, committed 40960K, reserved 1114112K
  class space    used 5020K, committed 5312K, reserved 1048576K
}
Event: 8.178 GC heap before
{Heap before GC invocations=14 (full 0):
 garbage-first heap   total 87040K, used 33792K [0x00000000c4400000, 0x0000000100000000)
  region size 1024K, 6 young (6144K), 5 survivors (5120K)
 Metaspace       used 40331K, committed 40960K, reserved 1114112K
  class space    used 5020K, committed 5312K, reserved 1048576K
}
Event: 8.185 GC heap after
{Heap after GC invocations=15 (full 0):
 garbage-first heap   total 87040K, used 33210K [0x00000000c4400000, 0x0000000100000000)
  region size 1024K, 1 young (1024K), 1 survivors (1024K)
 Metaspace       used 40331K, committed 40960K, reserved 1114112K
  class space    used 5020K, committed 5312K, reserved 1048576K
}
Event: 9.540 GC heap before
{Heap before GC invocations=15 (full 0):
 garbage-first heap   total 87040K, used 64954K [0x00000000c4400000, 0x0000000100000000)
  region size 1024K, 33 young (33792K), 1 survivors (1024K)
 Metaspace       used 46462K, committed 47104K, reserved 1114112K
  class space    used 5974K, committed 6272K, reserved 1048576K
}
Event: 9.546 GC heap after
{Heap after GC invocations=16 (full 0):
 garbage-first heap   total 87040K, used 36144K [0x00000000c4400000, 0x0000000100000000)
  region size 1024K, 4 young (4096K), 4 survivors (4096K)
 Metaspace       used 46462K, committed 47104K, reserved 1114112K
  class space    used 5974K, committed 6272K, reserved 1048576K
}
Event: 10.453 GC heap before
{Heap before GC invocations=16 (full 0):
 garbage-first heap   total 87040K, used 65840K [0x00000000c4400000, 0x0000000100000000)
  region size 1024K, 33 young (33792K), 4 survivors (4096K)
 Metaspace       used 52065K, committed 52800K, reserved 1114112K
  class space    used 6710K, committed 7040K, reserved 1048576K
}
Event: 10.463 GC heap after
{Heap after GC invocations=17 (full 0):
 garbage-first heap   total 87040K, used 40092K [0x00000000c4400000, 0x0000000100000000)
  region size 1024K, 4 young (4096K), 4 survivors (4096K)
 Metaspace       used 52065K, committed 52800K, reserved 1114112K
  class space    used 6710K, committed 7040K, reserved 1048576K
}
Event: 55.051 GC heap before
{Heap before GC invocations=17 (full 0):
 garbage-first heap   total 87040K, used 65692K [0x00000000c4400000, 0x0000000100000000)
  region size 1024K, 30 young (30720K), 4 survivors (4096K)
 Metaspace       used 58527K, committed 59392K, reserved 1114112K
  class space    used 7525K, committed 7936K, reserved 1048576K
}
Event: 55.203 GC heap after
{Heap after GC invocations=18 (full 0):
 garbage-first heap   total 87040K, used 42520K [0x00000000c4400000, 0x0000000100000000)
  region size 1024K, 3 young (3072K), 3 survivors (3072K)
 Metaspace       used 58527K, committed 59392K, reserved 1114112K
  class space    used 7525K, committed 7936K, reserved 1048576K
}
Event: 55.720 GC heap before
{Heap before GC invocations=18 (full 0):
 garbage-first heap   total 87040K, used 46616K [0x00000000c4400000, 0x0000000100000000)
  region size 1024K, 8 young (8192K), 3 survivors (3072K)
 Metaspace       used 59644K, committed 60416K, reserved 1114112K
  class space    used 7687K, committed 8064K, reserved 1048576K
}
Event: 55.748 GC heap after
{Heap after GC invocations=19 (full 0):
 garbage-first heap   total 87040K, used 42842K [0x00000000c4400000, 0x0000000100000000)
  region size 1024K, 1 young (1024K), 1 survivors (1024K)
 Metaspace       used 59644K, committed 60416K, reserved 1114112K
  class space    used 7687K, committed 8064K, reserved 1048576K
}

