# JRE version: Java(TM) SE Runtime Environment (19.0.1+10) (build 19.0.1+10-21)
# Java VM: Java HotSpot(TM) 64-Bit Server VM (19.0.1+10-21, mixed mode, sharing, tiered, compressed oops, compressed class ptrs, g1 gc, windows-amd64)
GC Precious Log:
 CardTable entry size: 512
 Card Set container configuration: InlinePtr #cards 5 size 8 Array Of Cards #cards 12 size 40 Howl #buckets 4 coarsen threshold 1843 Howl Bitmap #cards 512 size 80 coarsen threshold 460 Card regions per heap region 1 cards per card region 2048
 CPUs: 4 total, 4 available
 Memory: 3818M
 Large Page Support: Disabled
 NUMA Support: Disabled
 Compressed Oops: Enabled (32-bit)
 Heap Region Size: 1M
 Heap Min Capacity: 8M
 Heap Initial Capacity: 60M
 Heap Max Capacity: 956M
 Pre-touch: Disabled
 Parallel Workers: 4
 Concurrent Workers: 1
 Concurrent Refinement Workers: 4
 Periodic GC: Disabled
Heap:
 garbage-first heap   total 147456K, used 50509K [0x00000000c4400000, 0x0000000100000000)
  region size 1024K, 11 young (11264K), 2 survivors (2048K)
 Metaspace       used 62393K, committed 63168K, reserved 1114112K
  class space    used 8085K, committed 8448K, reserved 1048576K
GC Heap History (20 events):
Event: 7.981 GC heap before
{Heap before GC invocations=11 (full 0):
 garbage-first heap   total 73728K, used 53596K [0x00000000c4400000, 0x0000000100000000)
  region size 1024K, 32 young (32768K), 4 survivors (4096K)
 Metaspace       used 34431K, committed 34944K, reserved 1114112K
  class space    used 4189K, committed 4416K, reserved 1048576K
}
Event: 7.993 GC heap after
{Heap after GC invocations=12 (full 0):
 garbage-first heap   total 73728K, used 26971K [0x00000000c4400000, 0x0000000100000000)
  region size 1024K, 2 young (2048K), 2 survivors (2048K)
 Metaspace       used 34431K, committed 34944K, reserved 1114112K
  class space    used 4189K, committed 4416K, reserved 1048576K
}
Event: 8.130 GC heap before
{Heap before GC invocations=12 (full 0):
 garbage-first heap   total 73728K, used 31067K [0x00000000c4400000, 0x0000000100000000)
  region size 1024K, 7 young (7168K), 2 survivors (2048K)
 Metaspace       used 35448K, committed 35968K, reserved 1114112K
  class space    used 4342K, committed 4608K, reserved 1048576K
}
Event: 8.133 GC heap after
{Heap after GC invocations=13 (full 0):
 garbage-first heap   total 73728K, used 26952K [0x00000000c4400000, 0x0000000100000000)
  region size 1024K, 2 young (2048K), 2 survivors (2048K)
 Metaspace       used 35448K, committed 35968K, reserved 1114112K
  class space    used 4342K, committed 4608K, reserved 1048576K
}
Event: 8.971 GC heap before
{Heap before GC invocations=14 (full 0):
 garbage-first heap   total 73728K, used 56648K [0x00000000c4400000, 0x0000000100000000)
  region size 1024K, 31 young (31744K), 2 survivors (2048K)
 Metaspace       used 40304K, committed 40832K, reserved 1114112K
  class space    used 5018K, committed 5248K, reserved 1048576K
}
Event: 8.980 GC heap after
{Heap after GC invocations=15 (full 0):
 garbage-first heap   total 73728K, used 30083K [0x00000000c4400000, 0x0000000100000000)
  region size 1024K, 4 young (4096K), 4 survivors (4096K)
 Metaspace       used 40304K, committed 40832K, reserved 1114112K
  class space    used 5018K, committed 5248K, reserved 1048576K
}
Event: 8.985 GC heap before
{Heap before GC invocations=15 (full 0):
 garbage-first heap   total 73728K, used 31107K [0x00000000c4400000, 0x0000000100000000)
  region size 1024K, 5 young (5120K), 4 survivors (4096K)
 Metaspace       used 40322K, committed 40896K, reserved 1114112K
  class space    used 5018K, committed 5248K, reserved 1048576K
}
Event: 8.993 GC heap after
{Heap after GC invocations=16 (full 0):
 garbage-first heap   total 73728K, used 30307K [0x00000000c4400000, 0x0000000100000000)
  region size 1024K, 1 young (1024K), 1 survivors (1024K)
 Metaspace       used 40322K, committed 40896K, reserved 1114112K
  class space    used 5018K, committed 5248K, reserved 1048576K
}
Event: 9.683 GC heap before
{Heap before GC invocations=16 (full 0):
 garbage-first heap   total 73728K, used 56931K [0x00000000c4400000, 0x0000000100000000)
  region size 1024K, 27 young (27648K), 1 survivors (1024K)
 Metaspace       used 44002K, committed 44608K, reserved 1114112K
  class space    used 5530K, committed 5824K, reserved 1048576K
}
Event: 9.688 GC heap after
{Heap after GC invocations=17 (full 0):
 garbage-first heap   total 73728K, used 34641K [0x00000000c4400000, 0x0000000100000000)
  region size 1024K, 4 young (4096K), 4 survivors (4096K)
 Metaspace       used 44002K, committed 44608K, reserved 1114112K
  class space    used 5530K, committed 5824K, reserved 1048576K
}
Event: 10.445 GC heap before
{Heap before GC invocations=17 (full 0):
 garbage-first heap   total 73728K, used 57169K [0x00000000c4400000, 0x0000000100000000)
  region size 1024K, 26 young (26624K), 4 survivors (4096K)
 Metaspace       used 48186K, committed 48832K, reserved 1114112K
  class space    used 6219K, committed 6528K, reserved 1048576K
}
Event: 10.454 GC heap after
{Heap after GC invocations=18 (full 0):
 garbage-first heap   total 73728K, used 36864K [0x00000000c4400000, 0x0000000100000000)
  region size 1024K, 2 young (2048K), 2 survivors (2048K)
 Metaspace       used 48186K, committed 48832K, reserved 1114112K
  class space    used 6219K, committed 6528K, reserved 1048576K
}
Event: 11.234 GC heap before
{Heap before GC invocations=18 (full 0):
 garbage-first heap   total 73728K, used 57344K [0x00000000c4400000, 0x0000000100000000)
  region size 1024K, 23 young (23552K), 2 survivors (2048K)
 Metaspace       used 52197K, committed 52864K, reserved 1114112K
  class space    used 6723K, committed 7040K, reserved 1048576K
}
Event: 11.240 GC heap after
{Heap after GC invocations=19 (full 0):
 garbage-first heap   total 73728K, used 39936K [0x00000000c4400000, 0x0000000100000000)
  region size 1024K, 3 young (3072K), 3 survivors (3072K)
 Metaspace       used 52197K, committed 52864K, reserved 1114112K
  class space    used 6723K, committed 7040K, reserved 1048576K
}
Event: 96.741 GC heap before
{Heap before GC invocations=20 (full 0):
 garbage-first heap   total 73728K, used 57344K [0x00000000c4400000, 0x0000000100000000)
  region size 1024K, 21 young (21504K), 3 survivors (3072K)
 Metaspace       used 56574K, committed 57280K, reserved 1114112K
  class space    used 7268K, committed 7616K, reserved 1048576K
}
Event: 96.854 GC heap after
{Heap after GC invocations=21 (full 0):
 garbage-first heap   total 73728K, used 41866K [0x00000000c4400000, 0x0000000100000000)
  region size 1024K, 2 young (2048K), 2 survivors (2048K)
 Metaspace       used 56574K, committed 57280K, reserved 1114112K
  class space    used 7268K, committed 7616K, reserved 1048576K
}
Event: 97.084 GC heap before
{Heap before GC invocations=21 (full 0):
 garbage-first heap   total 73728K, used 42890K [0x00000000c4400000, 0x0000000100000000)
  region size 1024K, 3 young (3072K), 2 survivors (2048K)
 Metaspace       used 56788K, committed 57536K, reserved 1114112K
  class space    used 7301K, committed 7680K, reserved 1048576K
}
Event: 97.102 GC heap after
{Heap after GC invocations=22 (full 0):
 garbage-first heap   total 73728K, used 41223K [0x00000000c4400000, 0x0000000100000000)
  region size 1024K, 1 young (1024K), 1 survivors (1024K)
 Metaspace       used 56788K, committed 57536K, reserved 1114112K
  class space    used 7301K, committed 7680K, reserved 1048576K
}
Event: 160.453 GC heap before
{Heap before GC invocations=22 (full 0):
 garbage-first heap   total 73728K, used 57607K [0x00000000c4400000, 0x0000000100000000)
  region size 1024K, 18 young (18432K), 1 survivors (1024K)
 Metaspace       used 60180K, committed 60992K, reserved 1114112K
  class space    used 7760K, committed 8128K, reserved 1048576K
}
Event: 160.675 GC heap after
{Heap after GC invocations=23 (full 0):
 garbage-first heap   total 172032K, used 42317K [0x00000000c4400000, 0x0000000100000000)
  region size 1024K, 2 young (2048K), 2 survivors (2048K)
 Metaspace       used 60180K, committed 60992K, reserved 1114112K
  class space    used 7760K, committed 8128K, reserved 1048576K
}

